2019-03-03 00:15:26.404  INFO 25880 --- [main] com.dtb.DtbApplication                   : Starting DtbApplication on 祝飞鸿 with PID 25880 (D:\IntelliJ+IDEA+2017\SpringBootProjects\dtb\target\classes started by 飞鸿 in D:\IntelliJ+IDEA+2017\SpringBootProjects\dtb)
2019-03-03 00:15:26.420  INFO 25880 --- [main] com.dtb.DtbApplication                   : No active profile set, falling back to default profiles: default
2019-03-03 00:15:31.250  INFO 25880 --- [main] o.apache.catalina.core.StandardService   : Starting service [Tomcat]
2019-03-03 00:15:31.250  INFO 25880 --- [main] org.apache.catalina.core.StandardEngine  : Starting Servlet engine: [Apache Tomcat/9.0.16]
2019-03-03 00:15:31.259  INFO 25880 --- [main] o.a.catalina.core.AprLifecycleListener   : The APR based Apache Tomcat Native library which allows optimal performance in production environments was not found on the java.library.path: [D:\JDK\bin;C:\WINDOWS\Sun\Java\bin;C:\WINDOWS\system32;C:\WINDOWS;C:\Program Files (x86)\Java\jdk1.8.0_172\bin;C:\Program Files (x86)\Java\jdk1.8.0_172\jre\bin;C:\ProgramData\Oracle\Java\javapath;C:\WINDOWS\system32;C:\WINDOWS;C:\WINDOWS\System32\Wbem;C:\WINDOWS\System32\WindowsPowerShell\v1.0\;C:\Program Files (x86)\MySQL\MySQL Server 5.1\bin\;D:\WAMPServer\wamp64\bin\php\php5.6.31\php.exe;D:\Maven\apache-maven-3.6.0\bin;D:\WAMPServer\wamp64\bin\php\php7.1.9;C:\ProgramData\ComposerSetup\bin;C:\Program Files\PuTTY\;C:\Program Files (x86)\QuickTime\QTSystem\;C:\Program Files\dotnet\;C:\Program Files\Microsoft SQL Server\130\Tools\Binn\;C:\WINDOWS\System32\OpenSSH\;D:\Git\Git\cmd;C:\Program Files\TortoiseSVN\bin;D:\Node\;D:\MySql\mysql-8.0.12-winx64\bin;C:\Users\17286\AppData\Local\Microsoft\WindowsApps;C:\Users\17286\AppData\Local\atom\bin;C:\Users\17286\AppData\Roaming\Composer\vendor\bin;;C:\Users\17286\AppData\Local\Programs\Fiddler;D:\VisualStudioCode\Microsoft VS Code\bin;C:\Users\17286\AppData\Local\Microsoft\WindowsApps;C:\Users\17286\AppData\Roaming\npm;D:\nmap;.]
2019-03-03 00:15:31.449  INFO 25880 --- [main] o.a.c.c.C.[Tomcat].[localhost].[/]       : Initializing Spring embedded WebApplicationContext
2019-03-03 00:15:32.897  INFO 25880 --- [main] com.dtb.DtbApplication                   : Started DtbApplication in 7.104 seconds (JVM running for 7.955)
2019-03-03 00:15:39.740  INFO 25880 --- [http-nio-8080-exec-1] o.a.c.c.C.[Tomcat].[localhost].[/]       : Initializing Spring DispatcherServlet 'dispatcherServlet'
2019-03-03 00:15:39.822  INFO 25880 --- [http-nio-8080-exec-1] com.zaxxer.hikari.HikariDataSource       : HikariPool-1 - Starting...
2019-03-03 00:15:39.963  INFO 25880 --- [http-nio-8080-exec-1] com.zaxxer.hikari.HikariDataSource       : HikariPool-1 - Start completed.
2019-03-03 00:17:46.250  INFO 6952 --- [main] com.dtb.DtbApplication                   : Starting DtbApplication on 祝飞鸿 with PID 6952 (D:\IntelliJ+IDEA+2017\SpringBootProjects\dtb\target\classes started by 飞鸿 in D:\IntelliJ+IDEA+2017\SpringBootProjects\dtb)
2019-03-03 00:17:46.255  INFO 6952 --- [main] com.dtb.DtbApplication                   : No active profile set, falling back to default profiles: default
2019-03-03 00:17:51.111  INFO 6952 --- [main] o.apache.catalina.core.StandardService   : Starting service [Tomcat]
2019-03-03 00:17:51.112  INFO 6952 --- [main] org.apache.catalina.core.StandardEngine  : Starting Servlet engine: [Apache Tomcat/9.0.16]
2019-03-03 00:17:51.125  INFO 6952 --- [main] o.a.catalina.core.AprLifecycleListener   : The APR based Apache Tomcat Native library which allows optimal performance in production environments was not found on the java.library.path: [D:\JDK\bin;C:\WINDOWS\Sun\Java\bin;C:\WINDOWS\system32;C:\WINDOWS;C:\Program Files (x86)\Java\jdk1.8.0_172\bin;C:\Program Files (x86)\Java\jdk1.8.0_172\jre\bin;C:\ProgramData\Oracle\Java\javapath;C:\WINDOWS\system32;C:\WINDOWS;C:\WINDOWS\System32\Wbem;C:\WINDOWS\System32\WindowsPowerShell\v1.0\;C:\Program Files (x86)\MySQL\MySQL Server 5.1\bin\;D:\WAMPServer\wamp64\bin\php\php5.6.31\php.exe;D:\Maven\apache-maven-3.6.0\bin;D:\WAMPServer\wamp64\bin\php\php7.1.9;C:\ProgramData\ComposerSetup\bin;C:\Program Files\PuTTY\;C:\Program Files (x86)\QuickTime\QTSystem\;C:\Program Files\dotnet\;C:\Program Files\Microsoft SQL Server\130\Tools\Binn\;C:\WINDOWS\System32\OpenSSH\;D:\Git\Git\cmd;C:\Program Files\TortoiseSVN\bin;D:\Node\;D:\MySql\mysql-8.0.12-winx64\bin;C:\Users\17286\AppData\Local\Microsoft\WindowsApps;C:\Users\17286\AppData\Local\atom\bin;C:\Users\17286\AppData\Roaming\Composer\vendor\bin;;C:\Users\17286\AppData\Local\Programs\Fiddler;D:\VisualStudioCode\Microsoft VS Code\bin;C:\Users\17286\AppData\Local\Microsoft\WindowsApps;C:\Users\17286\AppData\Roaming\npm;D:\nmap;.]
2019-03-03 00:17:51.330  INFO 6952 --- [main] o.a.c.c.C.[Tomcat].[localhost].[/]       : Initializing Spring embedded WebApplicationContext
2019-03-03 00:17:52.786  INFO 6952 --- [main] com.dtb.DtbApplication                   : Started DtbApplication in 7.257 seconds (JVM running for 8.265)
2019-03-03 00:17:53.878  INFO 6952 --- [http-nio-8080-exec-1] o.a.c.c.C.[Tomcat].[localhost].[/]       : Initializing Spring DispatcherServlet 'dispatcherServlet'
2019-03-03 00:17:53.983  INFO 6952 --- [http-nio-8080-exec-1] com.zaxxer.hikari.HikariDataSource       : HikariPool-1 - Starting...
2019-03-03 00:17:54.158  INFO 6952 --- [http-nio-8080-exec-1] com.zaxxer.hikari.HikariDataSource       : HikariPool-1 - Start completed.
2019-03-03 00:24:44.216  INFO 23688 --- [main] com.dtb.DtbApplication                   : Starting DtbApplication on 祝飞鸿 with PID 23688 (D:\IntelliJ+IDEA+2017\SpringBootProjects\dtb\target\classes started by 飞鸿 in D:\IntelliJ+IDEA+2017\SpringBootProjects\dtb)
2019-03-03 00:24:44.221  INFO 23688 --- [main] com.dtb.DtbApplication                   : No active profile set, falling back to default profiles: default
2019-03-03 00:24:48.713  INFO 23688 --- [main] o.apache.catalina.core.StandardService   : Starting service [Tomcat]
2019-03-03 00:24:48.714  INFO 23688 --- [main] org.apache.catalina.core.StandardEngine  : Starting Servlet engine: [Apache Tomcat/9.0.16]
2019-03-03 00:24:48.724  INFO 23688 --- [main] o.a.catalina.core.AprLifecycleListener   : The APR based Apache Tomcat Native library which allows optimal performance in production environments was not found on the java.library.path: [D:\JDK\bin;C:\WINDOWS\Sun\Java\bin;C:\WINDOWS\system32;C:\WINDOWS;C:\Program Files (x86)\Java\jdk1.8.0_172\bin;C:\Program Files (x86)\Java\jdk1.8.0_172\jre\bin;C:\ProgramData\Oracle\Java\javapath;C:\WINDOWS\system32;C:\WINDOWS;C:\WINDOWS\System32\Wbem;C:\WINDOWS\System32\WindowsPowerShell\v1.0\;C:\Program Files (x86)\MySQL\MySQL Server 5.1\bin\;D:\WAMPServer\wamp64\bin\php\php5.6.31\php.exe;D:\Maven\apache-maven-3.6.0\bin;D:\WAMPServer\wamp64\bin\php\php7.1.9;C:\ProgramData\ComposerSetup\bin;C:\Program Files\PuTTY\;C:\Program Files (x86)\QuickTime\QTSystem\;C:\Program Files\dotnet\;C:\Program Files\Microsoft SQL Server\130\Tools\Binn\;C:\WINDOWS\System32\OpenSSH\;D:\Git\Git\cmd;C:\Program Files\TortoiseSVN\bin;D:\Node\;D:\MySql\mysql-8.0.12-winx64\bin;C:\Users\17286\AppData\Local\Microsoft\WindowsApps;C:\Users\17286\AppData\Local\atom\bin;C:\Users\17286\AppData\Roaming\Composer\vendor\bin;;C:\Users\17286\AppData\Local\Programs\Fiddler;D:\VisualStudioCode\Microsoft VS Code\bin;C:\Users\17286\AppData\Local\Microsoft\WindowsApps;C:\Users\17286\AppData\Roaming\npm;D:\nmap;.]
2019-03-03 00:24:48.904  INFO 23688 --- [main] o.a.c.c.C.[Tomcat].[localhost].[/]       : Initializing Spring embedded WebApplicationContext
2019-03-03 00:24:50.281  INFO 23688 --- [main] com.dtb.DtbApplication                   : Started DtbApplication in 6.765 seconds (JVM running for 7.768)
2019-03-03 00:24:51.716  INFO 23688 --- [http-nio-8080-exec-1] o.a.c.c.C.[Tomcat].[localhost].[/]       : Initializing Spring DispatcherServlet 'dispatcherServlet'
2019-03-03 00:24:51.823  INFO 23688 --- [http-nio-8080-exec-1] com.zaxxer.hikari.HikariDataSource       : HikariPool-1 - Starting...
2019-03-03 00:24:51.997  INFO 23688 --- [http-nio-8080-exec-1] com.zaxxer.hikari.HikariDataSource       : HikariPool-1 - Start completed.
2019-03-03 00:25:26.962  INFO 18172 --- [main] com.dtb.DtbApplication                   : Starting DtbApplication on 祝飞鸿 with PID 18172 (D:\IntelliJ+IDEA+2017\SpringBootProjects\dtb\target\classes started by 飞鸿 in D:\IntelliJ+IDEA+2017\SpringBootProjects\dtb)
2019-03-03 00:25:26.966  INFO 18172 --- [main] com.dtb.DtbApplication                   : No active profile set, falling back to default profiles: default
2019-03-03 00:25:31.463  INFO 18172 --- [main] o.apache.catalina.core.StandardService   : Starting service [Tomcat]
2019-03-03 00:25:31.464  INFO 18172 --- [main] org.apache.catalina.core.StandardEngine  : Starting Servlet engine: [Apache Tomcat/9.0.16]
2019-03-03 00:25:31.475  INFO 18172 --- [main] o.a.catalina.core.AprLifecycleListener   : The APR based Apache Tomcat Native library which allows optimal performance in production environments was not found on the java.library.path: [D:\JDK\bin;C:\WINDOWS\Sun\Java\bin;C:\WINDOWS\system32;C:\WINDOWS;C:\Program Files (x86)\Java\jdk1.8.0_172\bin;C:\Program Files (x86)\Java\jdk1.8.0_172\jre\bin;C:\ProgramData\Oracle\Java\javapath;C:\WINDOWS\system32;C:\WINDOWS;C:\WINDOWS\System32\Wbem;C:\WINDOWS\System32\WindowsPowerShell\v1.0\;C:\Program Files (x86)\MySQL\MySQL Server 5.1\bin\;D:\WAMPServer\wamp64\bin\php\php5.6.31\php.exe;D:\Maven\apache-maven-3.6.0\bin;D:\WAMPServer\wamp64\bin\php\php7.1.9;C:\ProgramData\ComposerSetup\bin;C:\Program Files\PuTTY\;C:\Program Files (x86)\QuickTime\QTSystem\;C:\Program Files\dotnet\;C:\Program Files\Microsoft SQL Server\130\Tools\Binn\;C:\WINDOWS\System32\OpenSSH\;D:\Git\Git\cmd;C:\Program Files\TortoiseSVN\bin;D:\Node\;D:\MySql\mysql-8.0.12-winx64\bin;C:\Users\17286\AppData\Local\Microsoft\WindowsApps;C:\Users\17286\AppData\Local\atom\bin;C:\Users\17286\AppData\Roaming\Composer\vendor\bin;;C:\Users\17286\AppData\Local\Programs\Fiddler;D:\VisualStudioCode\Microsoft VS Code\bin;C:\Users\17286\AppData\Local\Microsoft\WindowsApps;C:\Users\17286\AppData\Roaming\npm;D:\nmap;.]
2019-03-03 00:25:31.674  INFO 18172 --- [main] o.a.c.c.C.[Tomcat].[localhost].[/]       : Initializing Spring embedded WebApplicationContext
2019-03-03 00:25:33.329  INFO 18172 --- [main] com.dtb.DtbApplication                   : Started DtbApplication in 7.011 seconds (JVM running for 7.892)
2019-03-03 00:25:33.660  INFO 18172 --- [http-nio-8080-exec-1] o.a.c.c.C.[Tomcat].[localhost].[/]       : Initializing Spring DispatcherServlet 'dispatcherServlet'
2019-03-03 00:25:33.746  INFO 18172 --- [http-nio-8080-exec-1] com.zaxxer.hikari.HikariDataSource       : HikariPool-1 - Starting...
2019-03-03 00:25:33.919  INFO 18172 --- [http-nio-8080-exec-1] com.zaxxer.hikari.HikariDataSource       : HikariPool-1 - Start completed.
2019-03-03 00:26:06.615  INFO 18172 --- [http-nio-8080-exec-3] com.dtb.utils.email.impl.EmailUtilImpl   : html邮件已经发送。
2019-03-03 00:26:06.625 ERROR 18172 --- [http-nio-8080-exec-3] org.thymeleaf.TemplateEngine             : [THYMELEAF][http-nio-8080-exec-3] Exception processing template "home/user/resetEmailCode/1": Error resolving template [home/user/resetEmailCode/1], template might not exist or might not be accessible by any of the configured Template Resolvers

org.thymeleaf.exceptions.TemplateInputException: Error resolving template [home/user/resetEmailCode/1], template might not exist or might not be accessible by any of the configured Template Resolvers
	at org.thymeleaf.engine.TemplateManager.resolveTemplate(TemplateManager.java:869) ~[thymeleaf-3.0.11.RELEASE.jar:3.0.11.RELEASE]
	at org.thymeleaf.engine.TemplateManager.parseAndProcess(TemplateManager.java:607) ~[thymeleaf-3.0.11.RELEASE.jar:3.0.11.RELEASE]
	at org.thymeleaf.TemplateEngine.process(TemplateEngine.java:1098) [thymeleaf-3.0.11.RELEASE.jar:3.0.11.RELEASE]
	at org.thymeleaf.TemplateEngine.process(TemplateEngine.java:1072) [thymeleaf-3.0.11.RELEASE.jar:3.0.11.RELEASE]
	at org.thymeleaf.spring5.view.ThymeleafView.renderFragment(ThymeleafView.java:362) [thymeleaf-spring5-3.0.11.RELEASE.jar:3.0.11.RELEASE]
	at org.thymeleaf.spring5.view.ThymeleafView.render(ThymeleafView.java:189) [thymeleaf-spring5-3.0.11.RELEASE.jar:3.0.11.RELEASE]
	at org.springframework.web.servlet.DispatcherServlet.render(DispatcherServlet.java:1370) [spring-webmvc-5.1.5.RELEASE.jar:5.1.5.RELEASE]
	at org.springframework.web.servlet.DispatcherServlet.processDispatchResult(DispatcherServlet.java:1116) [spring-webmvc-5.1.5.RELEASE.jar:5.1.5.RELEASE]
	at org.springframework.web.servlet.DispatcherServlet.doDispatch(DispatcherServlet.java:1055) [spring-webmvc-5.1.5.RELEASE.jar:5.1.5.RELEASE]
	at org.springframework.web.servlet.DispatcherServlet.doService(DispatcherServlet.java:942) [spring-webmvc-5.1.5.RELEASE.jar:5.1.5.RELEASE]
	at org.springframework.web.servlet.FrameworkServlet.processRequest(FrameworkServlet.java:1005) [spring-webmvc-5.1.5.RELEASE.jar:5.1.5.RELEASE]
	at org.springframework.web.servlet.FrameworkServlet.doGet(FrameworkServlet.java:897) [spring-webmvc-5.1.5.RELEASE.jar:5.1.5.RELEASE]
	at javax.servlet.http.HttpServlet.service(HttpServlet.java:634) [tomcat-embed-core-9.0.16.jar:9.0.16]
	at org.springframework.web.servlet.FrameworkServlet.service(FrameworkServlet.java:882) [spring-webmvc-5.1.5.RELEASE.jar:5.1.5.RELEASE]
	at javax.servlet.http.HttpServlet.service(HttpServlet.java:741) [tomcat-embed-core-9.0.16.jar:9.0.16]
	at org.apache.catalina.core.ApplicationFilterChain.internalDoFilter(ApplicationFilterChain.java:231) [tomcat-embed-core-9.0.16.jar:9.0.16]
	at org.apache.catalina.core.ApplicationFilterChain.doFilter(ApplicationFilterChain.java:166) [tomcat-embed-core-9.0.16.jar:9.0.16]
	at org.apache.tomcat.websocket.server.WsFilter.doFilter(WsFilter.java:53) [tomcat-embed-websocket-9.0.16.jar:9.0.16]
	at org.apache.catalina.core.ApplicationFilterChain.internalDoFilter(ApplicationFilterChain.java:193) [tomcat-embed-core-9.0.16.jar:9.0.16]
	at org.apache.catalina.core.ApplicationFilterChain.doFilter(ApplicationFilterChain.java:166) [tomcat-embed-core-9.0.16.jar:9.0.16]
	at org.springframework.web.filter.RequestContextFilter.doFilterInternal(RequestContextFilter.java:99) [spring-web-5.1.5.RELEASE.jar:5.1.5.RELEASE]
	at org.springframework.web.filter.OncePerRequestFilter.doFilter(OncePerRequestFilter.java:107) [spring-web-5.1.5.RELEASE.jar:5.1.5.RELEASE]
	at org.apache.catalina.core.ApplicationFilterChain.internalDoFilter(ApplicationFilterChain.java:193) [tomcat-embed-core-9.0.16.jar:9.0.16]
	at org.apache.catalina.core.ApplicationFilterChain.doFilter(ApplicationFilterChain.java:166) [tomcat-embed-core-9.0.16.jar:9.0.16]
	at org.springframework.web.filter.FormContentFilter.doFilterInternal(FormContentFilter.java:92) [spring-web-5.1.5.RELEASE.jar:5.1.5.RELEASE]
	at org.springframework.web.filter.OncePerRequestFilter.doFilter(OncePerRequestFilter.java:107) [spring-web-5.1.5.RELEASE.jar:5.1.5.RELEASE]
	at org.apache.catalina.core.ApplicationFilterChain.internalDoFilter(ApplicationFilterChain.java:193) [tomcat-embed-core-9.0.16.jar:9.0.16]
	at org.apache.catalina.core.ApplicationFilterChain.doFilter(ApplicationFilterChain.java:166) [tomcat-embed-core-9.0.16.jar:9.0.16]
	at org.springframework.web.filter.HiddenHttpMethodFilter.doFilterInternal(HiddenHttpMethodFilter.java:93) [spring-web-5.1.5.RELEASE.jar:5.1.5.RELEASE]
	at org.springframework.web.filter.OncePerRequestFilter.doFilter(OncePerRequestFilter.java:107) [spring-web-5.1.5.RELEASE.jar:5.1.5.RELEASE]
	at org.apache.catalina.core.ApplicationFilterChain.internalDoFilter(ApplicationFilterChain.java:193) [tomcat-embed-core-9.0.16.jar:9.0.16]
	at org.apache.catalina.core.ApplicationFilterChain.doFilter(ApplicationFilterChain.java:166) [tomcat-embed-core-9.0.16.jar:9.0.16]
	at org.springframework.web.filter.CharacterEncodingFilter.doFilterInternal(CharacterEncodingFilter.java:200) [spring-web-5.1.5.RELEASE.jar:5.1.5.RELEASE]
	at org.springframework.web.filter.OncePerRequestFilter.doFilter(OncePerRequestFilter.java:107) [spring-web-5.1.5.RELEASE.jar:5.1.5.RELEASE]
	at org.apache.catalina.core.ApplicationFilterChain.internalDoFilter(ApplicationFilterChain.java:193) [tomcat-embed-core-9.0.16.jar:9.0.16]
	at org.apache.catalina.core.ApplicationFilterChain.doFilter(ApplicationFilterChain.java:166) [tomcat-embed-core-9.0.16.jar:9.0.16]
	at org.apache.catalina.core.StandardWrapperValve.invoke(StandardWrapperValve.java:200) [tomcat-embed-core-9.0.16.jar:9.0.16]
	at org.apache.catalina.core.StandardContextValve.invoke(StandardContextValve.java:96) [tomcat-embed-core-9.0.16.jar:9.0.16]
	at org.apache.catalina.authenticator.AuthenticatorBase.invoke(AuthenticatorBase.java:490) [tomcat-embed-core-9.0.16.jar:9.0.16]
	at org.apache.catalina.core.StandardHostValve.invoke(StandardHostValve.java:139) [tomcat-embed-core-9.0.16.jar:9.0.16]
	at org.apache.catalina.valves.ErrorReportValve.invoke(ErrorReportValve.java:92) [tomcat-embed-core-9.0.16.jar:9.0.16]
	at org.apache.catalina.core.StandardEngineValve.invoke(StandardEngineValve.java:74) [tomcat-embed-core-9.0.16.jar:9.0.16]
	at org.apache.catalina.connector.CoyoteAdapter.service(CoyoteAdapter.java:343) [tomcat-embed-core-9.0.16.jar:9.0.16]
	at org.apache.coyote.http11.Http11Processor.service(Http11Processor.java:408) [tomcat-embed-core-9.0.16.jar:9.0.16]
	at org.apache.coyote.AbstractProcessorLight.process(AbstractProcessorLight.java:66) [tomcat-embed-core-9.0.16.jar:9.0.16]
	at org.apache.coyote.AbstractProtocol$ConnectionHandler.process(AbstractProtocol.java:834) [tomcat-embed-core-9.0.16.jar:9.0.16]
	at org.apache.tomcat.util.net.NioEndpoint$SocketProcessor.doRun(NioEndpoint.java:1415) [tomcat-embed-core-9.0.16.jar:9.0.16]
	at org.apache.tomcat.util.net.SocketProcessorBase.run(SocketProcessorBase.java:49) [tomcat-embed-core-9.0.16.jar:9.0.16]
	at java.util.concurrent.ThreadPoolExecutor.runWorker(ThreadPoolExecutor.java:1142) [na:1.8.0_131]
	at java.util.concurrent.ThreadPoolExecutor$Worker.run(ThreadPoolExecutor.java:617) [na:1.8.0_131]
	at org.apache.tomcat.util.threads.TaskThread$WrappingRunnable.run(TaskThread.java:61) [tomcat-embed-core-9.0.16.jar:9.0.16]
	at java.lang.Thread.run(Thread.java:748) [na:1.8.0_131]

2019-03-03 00:26:06.632 ERROR 18172 --- [http-nio-8080-exec-3] o.a.c.c.C.[.[.[/].[dispatcherServlet]    : Servlet.service() for servlet [dispatcherServlet] in context with path [] threw exception [Request processing failed; nested exception is org.thymeleaf.exceptions.TemplateInputException: Error resolving template [home/user/resetEmailCode/1], template might not exist or might not be accessible by any of the configured Template Resolvers] with root cause

org.thymeleaf.exceptions.TemplateInputException: Error resolving template [home/user/resetEmailCode/1], template might not exist or might not be accessible by any of the configured Template Resolvers
	at org.thymeleaf.engine.TemplateManager.resolveTemplate(TemplateManager.java:869) ~[thymeleaf-3.0.11.RELEASE.jar:3.0.11.RELEASE]
	at org.thymeleaf.engine.TemplateManager.parseAndProcess(TemplateManager.java:607) ~[thymeleaf-3.0.11.RELEASE.jar:3.0.11.RELEASE]
	at org.thymeleaf.TemplateEngine.process(TemplateEngine.java:1098) ~[thymeleaf-3.0.11.RELEASE.jar:3.0.11.RELEASE]
	at org.thymeleaf.TemplateEngine.process(TemplateEngine.java:1072) ~[thymeleaf-3.0.11.RELEASE.jar:3.0.11.RELEASE]
	at org.thymeleaf.spring5.view.ThymeleafView.renderFragment(ThymeleafView.java:362) ~[thymeleaf-spring5-3.0.11.RELEASE.jar:3.0.11.RELEASE]
	at org.thymeleaf.spring5.view.ThymeleafView.render(ThymeleafView.java:189) ~[thymeleaf-spring5-3.0.11.RELEASE.jar:3.0.11.RELEASE]
	at org.springframework.web.servlet.DispatcherServlet.render(DispatcherServlet.java:1370) ~[spring-webmvc-5.1.5.RELEASE.jar:5.1.5.RELEASE]
	at org.springframework.web.servlet.DispatcherServlet.processDispatchResult(DispatcherServlet.java:1116) ~[spring-webmvc-5.1.5.RELEASE.jar:5.1.5.RELEASE]
	at org.springframework.web.servlet.DispatcherServlet.doDispatch(DispatcherServlet.java:1055) ~[spring-webmvc-5.1.5.RELEASE.jar:5.1.5.RELEASE]
	at org.springframework.web.servlet.DispatcherServlet.doService(DispatcherServlet.java:942) ~[spring-webmvc-5.1.5.RELEASE.jar:5.1.5.RELEASE]
	at org.springframework.web.servlet.FrameworkServlet.processRequest(FrameworkServlet.java:1005) ~[spring-webmvc-5.1.5.RELEASE.jar:5.1.5.RELEASE]
	at org.springframework.web.servlet.FrameworkServlet.doGet(FrameworkServlet.java:897) ~[spring-webmvc-5.1.5.RELEASE.jar:5.1.5.RELEASE]
	at javax.servlet.http.HttpServlet.service(HttpServlet.java:634) ~[tomcat-embed-core-9.0.16.jar:9.0.16]
	at org.springframework.web.servlet.FrameworkServlet.service(FrameworkServlet.java:882) ~[spring-webmvc-5.1.5.RELEASE.jar:5.1.5.RELEASE]
	at javax.servlet.http.HttpServlet.service(HttpServlet.java:741) ~[tomcat-embed-core-9.0.16.jar:9.0.16]
	at org.apache.catalina.core.ApplicationFilterChain.internalDoFilter(ApplicationFilterChain.java:231) ~[tomcat-embed-core-9.0.16.jar:9.0.16]
	at org.apache.catalina.core.ApplicationFilterChain.doFilter(ApplicationFilterChain.java:166) ~[tomcat-embed-core-9.0.16.jar:9.0.16]
	at org.apache.tomcat.websocket.server.WsFilter.doFilter(WsFilter.java:53) ~[tomcat-embed-websocket-9.0.16.jar:9.0.16]
	at org.apache.catalina.core.ApplicationFilterChain.internalDoFilter(ApplicationFilterChain.java:193) ~[tomcat-embed-core-9.0.16.jar:9.0.16]
	at org.apache.catalina.core.ApplicationFilterChain.doFilter(ApplicationFilterChain.java:166) ~[tomcat-embed-core-9.0.16.jar:9.0.16]
	at org.springframework.web.filter.RequestContextFilter.doFilterInternal(RequestContextFilter.java:99) ~[spring-web-5.1.5.RELEASE.jar:5.1.5.RELEASE]
	at org.springframework.web.filter.OncePerRequestFilter.doFilter(OncePerRequestFilter.java:107) ~[spring-web-5.1.5.RELEASE.jar:5.1.5.RELEASE]
	at org.apache.catalina.core.ApplicationFilterChain.internalDoFilter(ApplicationFilterChain.java:193) ~[tomcat-embed-core-9.0.16.jar:9.0.16]
	at org.apache.catalina.core.ApplicationFilterChain.doFilter(ApplicationFilterChain.java:166) ~[tomcat-embed-core-9.0.16.jar:9.0.16]
	at org.springframework.web.filter.FormContentFilter.doFilterInternal(FormContentFilter.java:92) ~[spring-web-5.1.5.RELEASE.jar:5.1.5.RELEASE]
	at org.springframework.web.filter.OncePerRequestFilter.doFilter(OncePerRequestFilter.java:107) ~[spring-web-5.1.5.RELEASE.jar:5.1.5.RELEASE]
	at org.apache.catalina.core.ApplicationFilterChain.internalDoFilter(ApplicationFilterChain.java:193) ~[tomcat-embed-core-9.0.16.jar:9.0.16]
	at org.apache.catalina.core.ApplicationFilterChain.doFilter(ApplicationFilterChain.java:166) ~[tomcat-embed-core-9.0.16.jar:9.0.16]
	at org.springframework.web.filter.HiddenHttpMethodFilter.doFilterInternal(HiddenHttpMethodFilter.java:93) ~[spring-web-5.1.5.RELEASE.jar:5.1.5.RELEASE]
	at org.springframework.web.filter.OncePerRequestFilter.doFilter(OncePerRequestFilter.java:107) ~[spring-web-5.1.5.RELEASE.jar:5.1.5.RELEASE]
	at org.apache.catalina.core.ApplicationFilterChain.internalDoFilter(ApplicationFilterChain.java:193) ~[tomcat-embed-core-9.0.16.jar:9.0.16]
	at org.apache.catalina.core.ApplicationFilterChain.doFilter(ApplicationFilterChain.java:166) ~[tomcat-embed-core-9.0.16.jar:9.0.16]
	at org.springframework.web.filter.CharacterEncodingFilter.doFilterInternal(CharacterEncodingFilter.java:200) ~[spring-web-5.1.5.RELEASE.jar:5.1.5.RELEASE]
	at org.springframework.web.filter.OncePerRequestFilter.doFilter(OncePerRequestFilter.java:107) ~[spring-web-5.1.5.RELEASE.jar:5.1.5.RELEASE]
	at org.apache.catalina.core.ApplicationFilterChain.internalDoFilter(ApplicationFilterChain.java:193) ~[tomcat-embed-core-9.0.16.jar:9.0.16]
	at org.apache.catalina.core.ApplicationFilterChain.doFilter(ApplicationFilterChain.java:166) ~[tomcat-embed-core-9.0.16.jar:9.0.16]
	at org.apache.catalina.core.StandardWrapperValve.invoke(StandardWrapperValve.java:200) ~[tomcat-embed-core-9.0.16.jar:9.0.16]
	at org.apache.catalina.core.StandardContextValve.invoke(StandardContextValve.java:96) [tomcat-embed-core-9.0.16.jar:9.0.16]
	at org.apache.catalina.authenticator.AuthenticatorBase.invoke(AuthenticatorBase.java:490) [tomcat-embed-core-9.0.16.jar:9.0.16]
	at org.apache.catalina.core.StandardHostValve.invoke(StandardHostValve.java:139) [tomcat-embed-core-9.0.16.jar:9.0.16]
	at org.apache.catalina.valves.ErrorReportValve.invoke(ErrorReportValve.java:92) [tomcat-embed-core-9.0.16.jar:9.0.16]
	at org.apache.catalina.core.StandardEngineValve.invoke(StandardEngineValve.java:74) [tomcat-embed-core-9.0.16.jar:9.0.16]
	at org.apache.catalina.connector.CoyoteAdapter.service(CoyoteAdapter.java:343) [tomcat-embed-core-9.0.16.jar:9.0.16]
	at org.apache.coyote.http11.Http11Processor.service(Http11Processor.java:408) [tomcat-embed-core-9.0.16.jar:9.0.16]
	at org.apache.coyote.AbstractProcessorLight.process(AbstractProcessorLight.java:66) [tomcat-embed-core-9.0.16.jar:9.0.16]
	at org.apache.coyote.AbstractProtocol$ConnectionHandler.process(AbstractProtocol.java:834) [tomcat-embed-core-9.0.16.jar:9.0.16]
	at org.apache.tomcat.util.net.NioEndpoint$SocketProcessor.doRun(NioEndpoint.java:1415) [tomcat-embed-core-9.0.16.jar:9.0.16]
	at org.apache.tomcat.util.net.SocketProcessorBase.run(SocketProcessorBase.java:49) [tomcat-embed-core-9.0.16.jar:9.0.16]
	at java.util.concurrent.ThreadPoolExecutor.runWorker(ThreadPoolExecutor.java:1142) [na:1.8.0_131]
	at java.util.concurrent.ThreadPoolExecutor$Worker.run(ThreadPoolExecutor.java:617) [na:1.8.0_131]
	at org.apache.tomcat.util.threads.TaskThread$WrappingRunnable.run(TaskThread.java:61) [tomcat-embed-core-9.0.16.jar:9.0.16]
	at java.lang.Thread.run(Thread.java:748) [na:1.8.0_131]

2019-03-03 00:28:16.376  INFO 23984 --- [main] com.dtb.DtbApplication                   : Starting DtbApplication on 祝飞鸿 with PID 23984 (D:\IntelliJ+IDEA+2017\SpringBootProjects\dtb\target\classes started by 飞鸿 in D:\IntelliJ+IDEA+2017\SpringBootProjects\dtb)
2019-03-03 00:28:16.381  INFO 23984 --- [main] com.dtb.DtbApplication                   : No active profile set, falling back to default profiles: default
2019-03-03 00:28:20.778  INFO 23984 --- [main] o.apache.catalina.core.StandardService   : Starting service [Tomcat]
2019-03-03 00:28:20.778  INFO 23984 --- [main] org.apache.catalina.core.StandardEngine  : Starting Servlet engine: [Apache Tomcat/9.0.16]
2019-03-03 00:28:20.787  INFO 23984 --- [main] o.a.catalina.core.AprLifecycleListener   : The APR based Apache Tomcat Native library which allows optimal performance in production environments was not found on the java.library.path: [D:\JDK\bin;C:\WINDOWS\Sun\Java\bin;C:\WINDOWS\system32;C:\WINDOWS;C:\Program Files (x86)\Java\jdk1.8.0_172\bin;C:\Program Files (x86)\Java\jdk1.8.0_172\jre\bin;C:\ProgramData\Oracle\Java\javapath;C:\WINDOWS\system32;C:\WINDOWS;C:\WINDOWS\System32\Wbem;C:\WINDOWS\System32\WindowsPowerShell\v1.0\;C:\Program Files (x86)\MySQL\MySQL Server 5.1\bin\;D:\WAMPServer\wamp64\bin\php\php5.6.31\php.exe;D:\Maven\apache-maven-3.6.0\bin;D:\WAMPServer\wamp64\bin\php\php7.1.9;C:\ProgramData\ComposerSetup\bin;C:\Program Files\PuTTY\;C:\Program Files (x86)\QuickTime\QTSystem\;C:\Program Files\dotnet\;C:\Program Files\Microsoft SQL Server\130\Tools\Binn\;C:\WINDOWS\System32\OpenSSH\;D:\Git\Git\cmd;C:\Program Files\TortoiseSVN\bin;D:\Node\;D:\MySql\mysql-8.0.12-winx64\bin;C:\Users\17286\AppData\Local\Microsoft\WindowsApps;C:\Users\17286\AppData\Local\atom\bin;C:\Users\17286\AppData\Roaming\Composer\vendor\bin;;C:\Users\17286\AppData\Local\Programs\Fiddler;D:\VisualStudioCode\Microsoft VS Code\bin;C:\Users\17286\AppData\Local\Microsoft\WindowsApps;C:\Users\17286\AppData\Roaming\npm;D:\nmap;.]
2019-03-03 00:28:20.999  INFO 23984 --- [main] o.a.c.c.C.[Tomcat].[localhost].[/]       : Initializing Spring embedded WebApplicationContext
2019-03-03 00:28:23.005  INFO 23984 --- [main] com.dtb.DtbApplication                   : Started DtbApplication in 7.291 seconds (JVM running for 8.164)
2019-03-03 00:28:23.117  INFO 23984 --- [http-nio-8080-exec-1] o.a.c.c.C.[Tomcat].[localhost].[/]       : Initializing Spring DispatcherServlet 'dispatcherServlet'
2019-03-03 00:28:23.203  INFO 23984 --- [http-nio-8080-exec-1] com.zaxxer.hikari.HikariDataSource       : HikariPool-1 - Starting...
2019-03-03 00:28:23.358  INFO 23984 --- [http-nio-8080-exec-1] com.zaxxer.hikari.HikariDataSource       : HikariPool-1 - Start completed.
2019-03-03 00:29:10.319  INFO 23984 --- [http-nio-8080-exec-5] com.dtb.utils.email.impl.EmailUtilImpl   : html邮件已经发送。
2019-03-03 00:31:50.926  INFO 10396 --- [main] com.dtb.DtbApplication                   : Starting DtbApplication on 祝飞鸿 with PID 10396 (D:\IntelliJ+IDEA+2017\SpringBootProjects\dtb\target\classes started by 飞鸿 in D:\IntelliJ+IDEA+2017\SpringBootProjects\dtb)
2019-03-03 00:31:50.929  INFO 10396 --- [main] com.dtb.DtbApplication                   : No active profile set, falling back to default profiles: default
2019-03-03 00:31:55.489  INFO 10396 --- [main] o.apache.catalina.core.StandardService   : Starting service [Tomcat]
2019-03-03 00:31:55.490  INFO 10396 --- [main] org.apache.catalina.core.StandardEngine  : Starting Servlet engine: [Apache Tomcat/9.0.16]
2019-03-03 00:31:55.499  INFO 10396 --- [main] o.a.catalina.core.AprLifecycleListener   : The APR based Apache Tomcat Native library which allows optimal performance in production environments was not found on the java.library.path: [D:\JDK\bin;C:\WINDOWS\Sun\Java\bin;C:\WINDOWS\system32;C:\WINDOWS;C:\Program Files (x86)\Java\jdk1.8.0_172\bin;C:\Program Files (x86)\Java\jdk1.8.0_172\jre\bin;C:\ProgramData\Oracle\Java\javapath;C:\WINDOWS\system32;C:\WINDOWS;C:\WINDOWS\System32\Wbem;C:\WINDOWS\System32\WindowsPowerShell\v1.0\;C:\Program Files (x86)\MySQL\MySQL Server 5.1\bin\;D:\WAMPServer\wamp64\bin\php\php5.6.31\php.exe;D:\Maven\apache-maven-3.6.0\bin;D:\WAMPServer\wamp64\bin\php\php7.1.9;C:\ProgramData\ComposerSetup\bin;C:\Program Files\PuTTY\;C:\Program Files (x86)\QuickTime\QTSystem\;C:\Program Files\dotnet\;C:\Program Files\Microsoft SQL Server\130\Tools\Binn\;C:\WINDOWS\System32\OpenSSH\;D:\Git\Git\cmd;C:\Program Files\TortoiseSVN\bin;D:\Node\;D:\MySql\mysql-8.0.12-winx64\bin;C:\Users\17286\AppData\Local\Microsoft\WindowsApps;C:\Users\17286\AppData\Local\atom\bin;C:\Users\17286\AppData\Roaming\Composer\vendor\bin;;C:\Users\17286\AppData\Local\Programs\Fiddler;D:\VisualStudioCode\Microsoft VS Code\bin;C:\Users\17286\AppData\Local\Microsoft\WindowsApps;C:\Users\17286\AppData\Roaming\npm;D:\nmap;.]
2019-03-03 00:31:55.679  INFO 10396 --- [main] o.a.c.c.C.[Tomcat].[localhost].[/]       : Initializing Spring embedded WebApplicationContext
2019-03-03 00:31:57.016  INFO 10396 --- [main] com.dtb.DtbApplication                   : Started DtbApplication in 6.75 seconds (JVM running for 7.591)
2019-03-03 00:32:01.613  INFO 10396 --- [http-nio-8080-exec-2] o.a.c.c.C.[Tomcat].[localhost].[/]       : Initializing Spring DispatcherServlet 'dispatcherServlet'
2019-03-03 00:32:12.870  INFO 10396 --- [http-nio-8080-exec-7] com.zaxxer.hikari.HikariDataSource       : HikariPool-1 - Starting...
2019-03-03 00:32:13.128  INFO 10396 --- [http-nio-8080-exec-7] com.zaxxer.hikari.HikariDataSource       : HikariPool-1 - Start completed.
2019-03-03 00:34:42.563  INFO 10396 --- [http-nio-8080-exec-7] com.dtb.utils.email.impl.EmailUtilImpl   : html邮件已经发送。
2019-03-03 00:46:03.324  INFO 21336 --- [main] com.dtb.DtbApplication                   : Starting DtbApplication on 祝飞鸿 with PID 21336 (D:\IntelliJ+IDEA+2017\SpringBootProjects\dtb\target\classes started by 飞鸿 in D:\IntelliJ+IDEA+2017\SpringBootProjects\dtb)
2019-03-03 00:46:03.329  INFO 21336 --- [main] com.dtb.DtbApplication                   : No active profile set, falling back to default profiles: default
2019-03-03 00:46:09.160  INFO 21336 --- [main] o.apache.catalina.core.StandardService   : Starting service [Tomcat]
2019-03-03 00:46:09.161  INFO 21336 --- [main] org.apache.catalina.core.StandardEngine  : Starting Servlet engine: [Apache Tomcat/9.0.16]
2019-03-03 00:46:09.174  INFO 21336 --- [main] o.a.catalina.core.AprLifecycleListener   : The APR based Apache Tomcat Native library which allows optimal performance in production environments was not found on the java.library.path: [D:\JDK\bin;C:\WINDOWS\Sun\Java\bin;C:\WINDOWS\system32;C:\WINDOWS;C:\Program Files (x86)\Java\jdk1.8.0_172\bin;C:\Program Files (x86)\Java\jdk1.8.0_172\jre\bin;C:\ProgramData\Oracle\Java\javapath;C:\WINDOWS\system32;C:\WINDOWS;C:\WINDOWS\System32\Wbem;C:\WINDOWS\System32\WindowsPowerShell\v1.0\;C:\Program Files (x86)\MySQL\MySQL Server 5.1\bin\;D:\WAMPServer\wamp64\bin\php\php5.6.31\php.exe;D:\Maven\apache-maven-3.6.0\bin;D:\WAMPServer\wamp64\bin\php\php7.1.9;C:\ProgramData\ComposerSetup\bin;C:\Program Files\PuTTY\;C:\Program Files (x86)\QuickTime\QTSystem\;C:\Program Files\dotnet\;C:\Program Files\Microsoft SQL Server\130\Tools\Binn\;C:\WINDOWS\System32\OpenSSH\;D:\Git\Git\cmd;C:\Program Files\TortoiseSVN\bin;D:\Node\;D:\MySql\mysql-8.0.12-winx64\bin;C:\Users\17286\AppData\Local\Microsoft\WindowsApps;C:\Users\17286\AppData\Local\atom\bin;C:\Users\17286\AppData\Roaming\Composer\vendor\bin;;C:\Users\17286\AppData\Local\Programs\Fiddler;D:\VisualStudioCode\Microsoft VS Code\bin;C:\Users\17286\AppData\Local\Microsoft\WindowsApps;C:\Users\17286\AppData\Roaming\npm;D:\nmap;.]
2019-03-03 00:46:09.379  INFO 21336 --- [main] o.a.c.c.C.[Tomcat].[localhost].[/]       : Initializing Spring embedded WebApplicationContext
2019-03-03 00:46:12.816  INFO 21336 --- [main] com.dtb.DtbApplication                   : Started DtbApplication in 10.148 seconds (JVM running for 11.105)
2019-03-03 00:46:14.928  INFO 21336 --- [http-nio-8080-exec-2] o.a.c.c.C.[Tomcat].[localhost].[/]       : Initializing Spring DispatcherServlet 'dispatcherServlet'
2019-03-03 00:46:15.006  INFO 21336 --- [http-nio-8080-exec-2] com.zaxxer.hikari.HikariDataSource       : HikariPool-1 - Starting...
2019-03-03 00:46:15.202  INFO 21336 --- [http-nio-8080-exec-2] com.zaxxer.hikari.HikariDataSource       : HikariPool-1 - Start completed.
2019-03-03 00:48:47.378  INFO 22748 --- [main] com.dtb.DtbApplication                   : Starting DtbApplication on 祝飞鸿 with PID 22748 (D:\IntelliJ+IDEA+2017\SpringBootProjects\dtb\target\classes started by 飞鸿 in D:\IntelliJ+IDEA+2017\SpringBootProjects\dtb)
2019-03-03 00:48:47.381  INFO 22748 --- [main] com.dtb.DtbApplication                   : No active profile set, falling back to default profiles: default
2019-03-03 00:48:51.806  INFO 22748 --- [main] o.apache.catalina.core.StandardService   : Starting service [Tomcat]
2019-03-03 00:48:51.807  INFO 22748 --- [main] org.apache.catalina.core.StandardEngine  : Starting Servlet engine: [Apache Tomcat/9.0.16]
2019-03-03 00:48:51.817  INFO 22748 --- [main] o.a.catalina.core.AprLifecycleListener   : The APR based Apache Tomcat Native library which allows optimal performance in production environments was not found on the java.library.path: [D:\JDK\bin;C:\WINDOWS\Sun\Java\bin;C:\WINDOWS\system32;C:\WINDOWS;C:\Program Files (x86)\Java\jdk1.8.0_172\bin;C:\Program Files (x86)\Java\jdk1.8.0_172\jre\bin;C:\ProgramData\Oracle\Java\javapath;C:\WINDOWS\system32;C:\WINDOWS;C:\WINDOWS\System32\Wbem;C:\WINDOWS\System32\WindowsPowerShell\v1.0\;C:\Program Files (x86)\MySQL\MySQL Server 5.1\bin\;D:\WAMPServer\wamp64\bin\php\php5.6.31\php.exe;D:\Maven\apache-maven-3.6.0\bin;D:\WAMPServer\wamp64\bin\php\php7.1.9;C:\ProgramData\ComposerSetup\bin;C:\Program Files\PuTTY\;C:\Program Files (x86)\QuickTime\QTSystem\;C:\Program Files\dotnet\;C:\Program Files\Microsoft SQL Server\130\Tools\Binn\;C:\WINDOWS\System32\OpenSSH\;D:\Git\Git\cmd;C:\Program Files\TortoiseSVN\bin;D:\Node\;D:\MySql\mysql-8.0.12-winx64\bin;C:\Users\17286\AppData\Local\Microsoft\WindowsApps;C:\Users\17286\AppData\Local\atom\bin;C:\Users\17286\AppData\Roaming\Composer\vendor\bin;;C:\Users\17286\AppData\Local\Programs\Fiddler;D:\VisualStudioCode\Microsoft VS Code\bin;C:\Users\17286\AppData\Local\Microsoft\WindowsApps;C:\Users\17286\AppData\Roaming\npm;D:\nmap;.]
2019-03-03 00:48:52.243  INFO 22748 --- [main] o.a.c.c.C.[Tomcat].[localhost].[/]       : Initializing Spring embedded WebApplicationContext
2019-03-03 00:48:53.718  INFO 22748 --- [main] com.dtb.DtbApplication                   : Started DtbApplication in 7.048 seconds (JVM running for 7.922)
2019-03-03 00:48:54.015  INFO 22748 --- [http-nio-8080-exec-1] o.a.c.c.C.[Tomcat].[localhost].[/]       : Initializing Spring DispatcherServlet 'dispatcherServlet'
2019-03-03 00:48:54.120  INFO 22748 --- [http-nio-8080-exec-1] com.zaxxer.hikari.HikariDataSource       : HikariPool-1 - Starting...
2019-03-03 00:48:54.316  INFO 22748 --- [http-nio-8080-exec-1] com.zaxxer.hikari.HikariDataSource       : HikariPool-1 - Start completed.
2019-03-03 00:53:17.134  INFO 21244 --- [main] com.dtb.DtbApplication                   : Starting DtbApplication on 祝飞鸿 with PID 21244 (D:\IntelliJ+IDEA+2017\SpringBootProjects\dtb\target\classes started by 飞鸿 in D:\IntelliJ+IDEA+2017\SpringBootProjects\dtb)
2019-03-03 00:53:17.139  INFO 21244 --- [main] com.dtb.DtbApplication                   : No active profile set, falling back to default profiles: default
2019-03-03 00:53:22.218  INFO 21244 --- [main] o.apache.catalina.core.StandardService   : Starting service [Tomcat]
2019-03-03 00:53:22.220  INFO 21244 --- [main] org.apache.catalina.core.StandardEngine  : Starting Servlet engine: [Apache Tomcat/9.0.16]
2019-03-03 00:53:22.230  INFO 21244 --- [main] o.a.catalina.core.AprLifecycleListener   : The APR based Apache Tomcat Native library which allows optimal performance in production environments was not found on the java.library.path: [D:\JDK\bin;C:\WINDOWS\Sun\Java\bin;C:\WINDOWS\system32;C:\WINDOWS;C:\Program Files (x86)\Java\jdk1.8.0_172\bin;C:\Program Files (x86)\Java\jdk1.8.0_172\jre\bin;C:\ProgramData\Oracle\Java\javapath;C:\WINDOWS\system32;C:\WINDOWS;C:\WINDOWS\System32\Wbem;C:\WINDOWS\System32\WindowsPowerShell\v1.0\;C:\Program Files (x86)\MySQL\MySQL Server 5.1\bin\;D:\WAMPServer\wamp64\bin\php\php5.6.31\php.exe;D:\Maven\apache-maven-3.6.0\bin;D:\WAMPServer\wamp64\bin\php\php7.1.9;C:\ProgramData\ComposerSetup\bin;C:\Program Files\PuTTY\;C:\Program Files (x86)\QuickTime\QTSystem\;C:\Program Files\dotnet\;C:\Program Files\Microsoft SQL Server\130\Tools\Binn\;C:\WINDOWS\System32\OpenSSH\;D:\Git\Git\cmd;C:\Program Files\TortoiseSVN\bin;D:\Node\;D:\MySql\mysql-8.0.12-winx64\bin;C:\Users\17286\AppData\Local\Microsoft\WindowsApps;C:\Users\17286\AppData\Local\atom\bin;C:\Users\17286\AppData\Roaming\Composer\vendor\bin;;C:\Users\17286\AppData\Local\Programs\Fiddler;D:\VisualStudioCode\Microsoft VS Code\bin;C:\Users\17286\AppData\Local\Microsoft\WindowsApps;C:\Users\17286\AppData\Roaming\npm;D:\nmap;.]
2019-03-03 00:53:22.421  INFO 21244 --- [main] o.a.c.c.C.[Tomcat].[localhost].[/]       : Initializing Spring embedded WebApplicationContext
2019-03-03 00:53:23.868  INFO 21244 --- [main] com.dtb.DtbApplication                   : Started DtbApplication in 7.388 seconds (JVM running for 8.322)
2019-03-03 00:53:24.007  INFO 21244 --- [http-nio-8080-exec-1] o.a.c.c.C.[Tomcat].[localhost].[/]       : Initializing Spring DispatcherServlet 'dispatcherServlet'
2019-03-03 00:53:24.095  INFO 21244 --- [http-nio-8080-exec-1] com.zaxxer.hikari.HikariDataSource       : HikariPool-1 - Starting...
2019-03-03 00:53:24.232  INFO 21244 --- [http-nio-8080-exec-1] com.zaxxer.hikari.HikariDataSource       : HikariPool-1 - Start completed.
2019-03-03 00:54:01.735  INFO 20444 --- [main] com.dtb.DtbApplication                   : Starting DtbApplication on 祝飞鸿 with PID 20444 (D:\IntelliJ+IDEA+2017\SpringBootProjects\dtb\target\classes started by 飞鸿 in D:\IntelliJ+IDEA+2017\SpringBootProjects\dtb)
2019-03-03 00:54:01.738  INFO 20444 --- [main] com.dtb.DtbApplication                   : No active profile set, falling back to default profiles: default
2019-03-03 00:54:06.171  INFO 20444 --- [main] o.apache.catalina.core.StandardService   : Starting service [Tomcat]
2019-03-03 00:54:06.172  INFO 20444 --- [main] org.apache.catalina.core.StandardEngine  : Starting Servlet engine: [Apache Tomcat/9.0.16]
2019-03-03 00:54:06.183  INFO 20444 --- [main] o.a.catalina.core.AprLifecycleListener   : The APR based Apache Tomcat Native library which allows optimal performance in production environments was not found on the java.library.path: [D:\JDK\bin;C:\WINDOWS\Sun\Java\bin;C:\WINDOWS\system32;C:\WINDOWS;C:\Program Files (x86)\Java\jdk1.8.0_172\bin;C:\Program Files (x86)\Java\jdk1.8.0_172\jre\bin;C:\ProgramData\Oracle\Java\javapath;C:\WINDOWS\system32;C:\WINDOWS;C:\WINDOWS\System32\Wbem;C:\WINDOWS\System32\WindowsPowerShell\v1.0\;C:\Program Files (x86)\MySQL\MySQL Server 5.1\bin\;D:\WAMPServer\wamp64\bin\php\php5.6.31\php.exe;D:\Maven\apache-maven-3.6.0\bin;D:\WAMPServer\wamp64\bin\php\php7.1.9;C:\ProgramData\ComposerSetup\bin;C:\Program Files\PuTTY\;C:\Program Files (x86)\QuickTime\QTSystem\;C:\Program Files\dotnet\;C:\Program Files\Microsoft SQL Server\130\Tools\Binn\;C:\WINDOWS\System32\OpenSSH\;D:\Git\Git\cmd;C:\Program Files\TortoiseSVN\bin;D:\Node\;D:\MySql\mysql-8.0.12-winx64\bin;C:\Users\17286\AppData\Local\Microsoft\WindowsApps;C:\Users\17286\AppData\Local\atom\bin;C:\Users\17286\AppData\Roaming\Composer\vendor\bin;;C:\Users\17286\AppData\Local\Programs\Fiddler;D:\VisualStudioCode\Microsoft VS Code\bin;C:\Users\17286\AppData\Local\Microsoft\WindowsApps;C:\Users\17286\AppData\Roaming\npm;D:\nmap;.]
2019-03-03 00:54:06.366  INFO 20444 --- [main] o.a.c.c.C.[Tomcat].[localhost].[/]       : Initializing Spring embedded WebApplicationContext
2019-03-03 00:54:07.883  INFO 20444 --- [main] com.dtb.DtbApplication                   : Started DtbApplication in 6.829 seconds (JVM running for 7.685)
2019-03-03 00:54:12.138  INFO 20444 --- [http-nio-8080-exec-1] o.a.c.c.C.[Tomcat].[localhost].[/]       : Initializing Spring DispatcherServlet 'dispatcherServlet'
2019-03-03 00:54:12.228  INFO 20444 --- [http-nio-8080-exec-1] com.zaxxer.hikari.HikariDataSource       : HikariPool-1 - Starting...
2019-03-03 00:54:12.380  INFO 20444 --- [http-nio-8080-exec-1] com.zaxxer.hikari.HikariDataSource       : HikariPool-1 - Start completed.
2019-03-03 00:54:43.165  INFO 24132 --- [main] com.dtb.DtbApplication                   : Starting DtbApplication on 祝飞鸿 with PID 24132 (D:\IntelliJ+IDEA+2017\SpringBootProjects\dtb\target\classes started by 飞鸿 in D:\IntelliJ+IDEA+2017\SpringBootProjects\dtb)
2019-03-03 00:54:43.169  INFO 24132 --- [main] com.dtb.DtbApplication                   : No active profile set, falling back to default profiles: default
2019-03-03 00:54:47.820  INFO 24132 --- [main] o.apache.catalina.core.StandardService   : Starting service [Tomcat]
2019-03-03 00:54:47.820  INFO 24132 --- [main] org.apache.catalina.core.StandardEngine  : Starting Servlet engine: [Apache Tomcat/9.0.16]
2019-03-03 00:54:47.832  INFO 24132 --- [main] o.a.catalina.core.AprLifecycleListener   : The APR based Apache Tomcat Native library which allows optimal performance in production environments was not found on the java.library.path: [D:\JDK\bin;C:\WINDOWS\Sun\Java\bin;C:\WINDOWS\system32;C:\WINDOWS;C:\Program Files (x86)\Java\jdk1.8.0_172\bin;C:\Program Files (x86)\Java\jdk1.8.0_172\jre\bin;C:\ProgramData\Oracle\Java\javapath;C:\WINDOWS\system32;C:\WINDOWS;C:\WINDOWS\System32\Wbem;C:\WINDOWS\System32\WindowsPowerShell\v1.0\;C:\Program Files (x86)\MySQL\MySQL Server 5.1\bin\;D:\WAMPServer\wamp64\bin\php\php5.6.31\php.exe;D:\Maven\apache-maven-3.6.0\bin;D:\WAMPServer\wamp64\bin\php\php7.1.9;C:\ProgramData\ComposerSetup\bin;C:\Program Files\PuTTY\;C:\Program Files (x86)\QuickTime\QTSystem\;C:\Program Files\dotnet\;C:\Program Files\Microsoft SQL Server\130\Tools\Binn\;C:\WINDOWS\System32\OpenSSH\;D:\Git\Git\cmd;C:\Program Files\TortoiseSVN\bin;D:\Node\;D:\MySql\mysql-8.0.12-winx64\bin;C:\Users\17286\AppData\Local\Microsoft\WindowsApps;C:\Users\17286\AppData\Local\atom\bin;C:\Users\17286\AppData\Roaming\Composer\vendor\bin;;C:\Users\17286\AppData\Local\Programs\Fiddler;D:\VisualStudioCode\Microsoft VS Code\bin;C:\Users\17286\AppData\Local\Microsoft\WindowsApps;C:\Users\17286\AppData\Roaming\npm;D:\nmap;.]
2019-03-03 00:54:48.012  INFO 24132 --- [main] o.a.c.c.C.[Tomcat].[localhost].[/]       : Initializing Spring embedded WebApplicationContext
2019-03-03 00:54:49.305  INFO 24132 --- [main] com.dtb.DtbApplication                   : Started DtbApplication in 6.741 seconds (JVM running for 7.601)
2019-03-03 00:54:52.817  INFO 24132 --- [http-nio-8080-exec-1] o.a.c.c.C.[Tomcat].[localhost].[/]       : Initializing Spring DispatcherServlet 'dispatcherServlet'
2019-03-03 00:55:01.405  INFO 24132 --- [http-nio-8080-exec-3] com.zaxxer.hikari.HikariDataSource       : HikariPool-1 - Starting...
2019-03-03 00:55:01.563  INFO 24132 --- [http-nio-8080-exec-3] com.zaxxer.hikari.HikariDataSource       : HikariPool-1 - Start completed.
2019-03-03 00:55:38.927  INFO 13864 --- [main] com.dtb.DtbApplication                   : Starting DtbApplication on 祝飞鸿 with PID 13864 (D:\IntelliJ+IDEA+2017\SpringBootProjects\dtb\target\classes started by 飞鸿 in D:\IntelliJ+IDEA+2017\SpringBootProjects\dtb)
2019-03-03 00:55:38.933  INFO 13864 --- [main] com.dtb.DtbApplication                   : No active profile set, falling back to default profiles: default
2019-03-03 00:55:43.476  INFO 13864 --- [main] o.apache.catalina.core.StandardService   : Starting service [Tomcat]
2019-03-03 00:55:43.477  INFO 13864 --- [main] org.apache.catalina.core.StandardEngine  : Starting Servlet engine: [Apache Tomcat/9.0.16]
2019-03-03 00:55:43.485  INFO 13864 --- [main] o.a.catalina.core.AprLifecycleListener   : The APR based Apache Tomcat Native library which allows optimal performance in production environments was not found on the java.library.path: [D:\JDK\bin;C:\WINDOWS\Sun\Java\bin;C:\WINDOWS\system32;C:\WINDOWS;C:\Program Files (x86)\Java\jdk1.8.0_172\bin;C:\Program Files (x86)\Java\jdk1.8.0_172\jre\bin;C:\ProgramData\Oracle\Java\javapath;C:\WINDOWS\system32;C:\WINDOWS;C:\WINDOWS\System32\Wbem;C:\WINDOWS\System32\WindowsPowerShell\v1.0\;C:\Program Files (x86)\MySQL\MySQL Server 5.1\bin\;D:\WAMPServer\wamp64\bin\php\php5.6.31\php.exe;D:\Maven\apache-maven-3.6.0\bin;D:\WAMPServer\wamp64\bin\php\php7.1.9;C:\ProgramData\ComposerSetup\bin;C:\Program Files\PuTTY\;C:\Program Files (x86)\QuickTime\QTSystem\;C:\Program Files\dotnet\;C:\Program Files\Microsoft SQL Server\130\Tools\Binn\;C:\WINDOWS\System32\OpenSSH\;D:\Git\Git\cmd;C:\Program Files\TortoiseSVN\bin;D:\Node\;D:\MySql\mysql-8.0.12-winx64\bin;C:\Users\17286\AppData\Local\Microsoft\WindowsApps;C:\Users\17286\AppData\Local\atom\bin;C:\Users\17286\AppData\Roaming\Composer\vendor\bin;;C:\Users\17286\AppData\Local\Programs\Fiddler;D:\VisualStudioCode\Microsoft VS Code\bin;C:\Users\17286\AppData\Local\Microsoft\WindowsApps;C:\Users\17286\AppData\Roaming\npm;D:\nmap;.]
2019-03-03 00:55:43.655  INFO 13864 --- [main] o.a.c.c.C.[Tomcat].[localhost].[/]       : Initializing Spring embedded WebApplicationContext
2019-03-03 00:55:44.934  INFO 13864 --- [main] com.dtb.DtbApplication                   : Started DtbApplication in 6.666 seconds (JVM running for 7.52)
2019-03-03 00:55:45.159  INFO 13864 --- [http-nio-8080-exec-1] o.a.c.c.C.[Tomcat].[localhost].[/]       : Initializing Spring DispatcherServlet 'dispatcherServlet'
2019-03-03 00:55:45.241  INFO 13864 --- [http-nio-8080-exec-1] com.zaxxer.hikari.HikariDataSource       : HikariPool-1 - Starting...
2019-03-03 00:55:45.397  INFO 13864 --- [http-nio-8080-exec-1] com.zaxxer.hikari.HikariDataSource       : HikariPool-1 - Start completed.
2019-03-03 00:56:14.097  INFO 26420 --- [main] com.dtb.DtbApplication                   : Starting DtbApplication on 祝飞鸿 with PID 26420 (D:\IntelliJ+IDEA+2017\SpringBootProjects\dtb\target\classes started by 飞鸿 in D:\IntelliJ+IDEA+2017\SpringBootProjects\dtb)
2019-03-03 00:56:14.101  INFO 26420 --- [main] com.dtb.DtbApplication                   : No active profile set, falling back to default profiles: default
2019-03-03 00:56:18.126  INFO 26420 --- [main] o.apache.catalina.core.StandardService   : Starting service [Tomcat]
2019-03-03 00:56:18.127  INFO 26420 --- [main] org.apache.catalina.core.StandardEngine  : Starting Servlet engine: [Apache Tomcat/9.0.16]
2019-03-03 00:56:18.137  INFO 26420 --- [main] o.a.catalina.core.AprLifecycleListener   : The APR based Apache Tomcat Native library which allows optimal performance in production environments was not found on the java.library.path: [D:\JDK\bin;C:\WINDOWS\Sun\Java\bin;C:\WINDOWS\system32;C:\WINDOWS;C:\Program Files (x86)\Java\jdk1.8.0_172\bin;C:\Program Files (x86)\Java\jdk1.8.0_172\jre\bin;C:\ProgramData\Oracle\Java\javapath;C:\WINDOWS\system32;C:\WINDOWS;C:\WINDOWS\System32\Wbem;C:\WINDOWS\System32\WindowsPowerShell\v1.0\;C:\Program Files (x86)\MySQL\MySQL Server 5.1\bin\;D:\WAMPServer\wamp64\bin\php\php5.6.31\php.exe;D:\Maven\apache-maven-3.6.0\bin;D:\WAMPServer\wamp64\bin\php\php7.1.9;C:\ProgramData\ComposerSetup\bin;C:\Program Files\PuTTY\;C:\Program Files (x86)\QuickTime\QTSystem\;C:\Program Files\dotnet\;C:\Program Files\Microsoft SQL Server\130\Tools\Binn\;C:\WINDOWS\System32\OpenSSH\;D:\Git\Git\cmd;C:\Program Files\TortoiseSVN\bin;D:\Node\;D:\MySql\mysql-8.0.12-winx64\bin;C:\Users\17286\AppData\Local\Microsoft\WindowsApps;C:\Users\17286\AppData\Local\atom\bin;C:\Users\17286\AppData\Roaming\Composer\vendor\bin;;C:\Users\17286\AppData\Local\Programs\Fiddler;D:\VisualStudioCode\Microsoft VS Code\bin;C:\Users\17286\AppData\Local\Microsoft\WindowsApps;C:\Users\17286\AppData\Roaming\npm;D:\nmap;.]
2019-03-03 00:56:18.345  INFO 26420 --- [main] o.a.c.c.C.[Tomcat].[localhost].[/]       : Initializing Spring embedded WebApplicationContext
2019-03-03 00:56:19.678  INFO 26420 --- [main] com.dtb.DtbApplication                   : Started DtbApplication in 6.175 seconds (JVM running for 7.15)
2019-03-03 00:56:19.779  INFO 26420 --- [http-nio-8080-exec-1] o.a.c.c.C.[Tomcat].[localhost].[/]       : Initializing Spring DispatcherServlet 'dispatcherServlet'
2019-03-03 00:56:19.862  INFO 26420 --- [http-nio-8080-exec-1] com.zaxxer.hikari.HikariDataSource       : HikariPool-1 - Starting...
2019-03-03 00:56:20.001  INFO 26420 --- [http-nio-8080-exec-1] com.zaxxer.hikari.HikariDataSource       : HikariPool-1 - Start completed.
2019-03-03 00:56:36.708  INFO 26316 --- [main] com.dtb.DtbApplication                   : Starting DtbApplication on 祝飞鸿 with PID 26316 (D:\IntelliJ+IDEA+2017\SpringBootProjects\dtb\target\classes started by 飞鸿 in D:\IntelliJ+IDEA+2017\SpringBootProjects\dtb)
2019-03-03 00:56:36.712  INFO 26316 --- [main] com.dtb.DtbApplication                   : No active profile set, falling back to default profiles: default
2019-03-03 00:56:41.240  INFO 26316 --- [main] o.apache.catalina.core.StandardService   : Starting service [Tomcat]
2019-03-03 00:56:41.240  INFO 26316 --- [main] org.apache.catalina.core.StandardEngine  : Starting Servlet engine: [Apache Tomcat/9.0.16]
2019-03-03 00:56:41.251  INFO 26316 --- [main] o.a.catalina.core.AprLifecycleListener   : The APR based Apache Tomcat Native library which allows optimal performance in production environments was not found on the java.library.path: [D:\JDK\bin;C:\WINDOWS\Sun\Java\bin;C:\WINDOWS\system32;C:\WINDOWS;C:\Program Files (x86)\Java\jdk1.8.0_172\bin;C:\Program Files (x86)\Java\jdk1.8.0_172\jre\bin;C:\ProgramData\Oracle\Java\javapath;C:\WINDOWS\system32;C:\WINDOWS;C:\WINDOWS\System32\Wbem;C:\WINDOWS\System32\WindowsPowerShell\v1.0\;C:\Program Files (x86)\MySQL\MySQL Server 5.1\bin\;D:\WAMPServer\wamp64\bin\php\php5.6.31\php.exe;D:\Maven\apache-maven-3.6.0\bin;D:\WAMPServer\wamp64\bin\php\php7.1.9;C:\ProgramData\ComposerSetup\bin;C:\Program Files\PuTTY\;C:\Program Files (x86)\QuickTime\QTSystem\;C:\Program Files\dotnet\;C:\Program Files\Microsoft SQL Server\130\Tools\Binn\;C:\WINDOWS\System32\OpenSSH\;D:\Git\Git\cmd;C:\Program Files\TortoiseSVN\bin;D:\Node\;D:\MySql\mysql-8.0.12-winx64\bin;C:\Users\17286\AppData\Local\Microsoft\WindowsApps;C:\Users\17286\AppData\Local\atom\bin;C:\Users\17286\AppData\Roaming\Composer\vendor\bin;;C:\Users\17286\AppData\Local\Programs\Fiddler;D:\VisualStudioCode\Microsoft VS Code\bin;C:\Users\17286\AppData\Local\Microsoft\WindowsApps;C:\Users\17286\AppData\Roaming\npm;D:\nmap;.]
2019-03-03 00:56:41.459  INFO 26316 --- [main] o.a.c.c.C.[Tomcat].[localhost].[/]       : Initializing Spring embedded WebApplicationContext
2019-03-03 00:56:42.961  INFO 26316 --- [main] com.dtb.DtbApplication                   : Started DtbApplication in 6.93 seconds (JVM running for 7.792)
2019-03-03 00:56:43.027  INFO 26316 --- [http-nio-8080-exec-1] o.a.c.c.C.[Tomcat].[localhost].[/]       : Initializing Spring DispatcherServlet 'dispatcherServlet'
2019-03-03 00:56:43.102  INFO 26316 --- [http-nio-8080-exec-1] com.zaxxer.hikari.HikariDataSource       : HikariPool-1 - Starting...
2019-03-03 00:56:43.248  INFO 26316 --- [http-nio-8080-exec-1] com.zaxxer.hikari.HikariDataSource       : HikariPool-1 - Start completed.
2019-03-03 00:56:58.883  INFO 24948 --- [main] com.dtb.DtbApplication                   : Starting DtbApplication on 祝飞鸿 with PID 24948 (D:\IntelliJ+IDEA+2017\SpringBootProjects\dtb\target\classes started by 飞鸿 in D:\IntelliJ+IDEA+2017\SpringBootProjects\dtb)
2019-03-03 00:56:58.888  INFO 24948 --- [main] com.dtb.DtbApplication                   : No active profile set, falling back to default profiles: default
2019-03-03 00:57:03.316  INFO 24948 --- [main] o.apache.catalina.core.StandardService   : Starting service [Tomcat]
2019-03-03 00:57:03.317  INFO 24948 --- [main] org.apache.catalina.core.StandardEngine  : Starting Servlet engine: [Apache Tomcat/9.0.16]
2019-03-03 00:57:03.326  INFO 24948 --- [main] o.a.catalina.core.AprLifecycleListener   : The APR based Apache Tomcat Native library which allows optimal performance in production environments was not found on the java.library.path: [D:\JDK\bin;C:\WINDOWS\Sun\Java\bin;C:\WINDOWS\system32;C:\WINDOWS;C:\Program Files (x86)\Java\jdk1.8.0_172\bin;C:\Program Files (x86)\Java\jdk1.8.0_172\jre\bin;C:\ProgramData\Oracle\Java\javapath;C:\WINDOWS\system32;C:\WINDOWS;C:\WINDOWS\System32\Wbem;C:\WINDOWS\System32\WindowsPowerShell\v1.0\;C:\Program Files (x86)\MySQL\MySQL Server 5.1\bin\;D:\WAMPServer\wamp64\bin\php\php5.6.31\php.exe;D:\Maven\apache-maven-3.6.0\bin;D:\WAMPServer\wamp64\bin\php\php7.1.9;C:\ProgramData\ComposerSetup\bin;C:\Program Files\PuTTY\;C:\Program Files (x86)\QuickTime\QTSystem\;C:\Program Files\dotnet\;C:\Program Files\Microsoft SQL Server\130\Tools\Binn\;C:\WINDOWS\System32\OpenSSH\;D:\Git\Git\cmd;C:\Program Files\TortoiseSVN\bin;D:\Node\;D:\MySql\mysql-8.0.12-winx64\bin;C:\Users\17286\AppData\Local\Microsoft\WindowsApps;C:\Users\17286\AppData\Local\atom\bin;C:\Users\17286\AppData\Roaming\Composer\vendor\bin;;C:\Users\17286\AppData\Local\Programs\Fiddler;D:\VisualStudioCode\Microsoft VS Code\bin;C:\Users\17286\AppData\Local\Microsoft\WindowsApps;C:\Users\17286\AppData\Roaming\npm;D:\nmap;.]
2019-03-03 00:57:03.513  INFO 24948 --- [main] o.a.c.c.C.[Tomcat].[localhost].[/]       : Initializing Spring embedded WebApplicationContext
2019-03-03 00:57:05.047  INFO 24948 --- [main] com.dtb.DtbApplication                   : Started DtbApplication in 6.833 seconds (JVM running for 7.749)
2019-03-03 00:57:05.145  INFO 24948 --- [http-nio-8080-exec-1] o.a.c.c.C.[Tomcat].[localhost].[/]       : Initializing Spring DispatcherServlet 'dispatcherServlet'
2019-03-03 00:57:15.069  INFO 24948 --- [http-nio-8080-exec-4] com.zaxxer.hikari.HikariDataSource       : HikariPool-1 - Starting...
2019-03-03 00:57:15.215  INFO 24948 --- [http-nio-8080-exec-4] com.zaxxer.hikari.HikariDataSource       : HikariPool-1 - Start completed.
2019-03-03 00:57:38.780  INFO 16868 --- [main] com.dtb.DtbApplication                   : Starting DtbApplication on 祝飞鸿 with PID 16868 (D:\IntelliJ+IDEA+2017\SpringBootProjects\dtb\target\classes started by 飞鸿 in D:\IntelliJ+IDEA+2017\SpringBootProjects\dtb)
2019-03-03 00:57:38.786  INFO 16868 --- [main] com.dtb.DtbApplication                   : No active profile set, falling back to default profiles: default
2019-03-03 00:57:43.398  INFO 16868 --- [main] o.apache.catalina.core.StandardService   : Starting service [Tomcat]
2019-03-03 00:57:43.398  INFO 16868 --- [main] org.apache.catalina.core.StandardEngine  : Starting Servlet engine: [Apache Tomcat/9.0.16]
2019-03-03 00:57:43.407  INFO 16868 --- [main] o.a.catalina.core.AprLifecycleListener   : The APR based Apache Tomcat Native library which allows optimal performance in production environments was not found on the java.library.path: [D:\JDK\bin;C:\WINDOWS\Sun\Java\bin;C:\WINDOWS\system32;C:\WINDOWS;C:\Program Files (x86)\Java\jdk1.8.0_172\bin;C:\Program Files (x86)\Java\jdk1.8.0_172\jre\bin;C:\ProgramData\Oracle\Java\javapath;C:\WINDOWS\system32;C:\WINDOWS;C:\WINDOWS\System32\Wbem;C:\WINDOWS\System32\WindowsPowerShell\v1.0\;C:\Program Files (x86)\MySQL\MySQL Server 5.1\bin\;D:\WAMPServer\wamp64\bin\php\php5.6.31\php.exe;D:\Maven\apache-maven-3.6.0\bin;D:\WAMPServer\wamp64\bin\php\php7.1.9;C:\ProgramData\ComposerSetup\bin;C:\Program Files\PuTTY\;C:\Program Files (x86)\QuickTime\QTSystem\;C:\Program Files\dotnet\;C:\Program Files\Microsoft SQL Server\130\Tools\Binn\;C:\WINDOWS\System32\OpenSSH\;D:\Git\Git\cmd;C:\Program Files\TortoiseSVN\bin;D:\Node\;D:\MySql\mysql-8.0.12-winx64\bin;C:\Users\17286\AppData\Local\Microsoft\WindowsApps;C:\Users\17286\AppData\Local\atom\bin;C:\Users\17286\AppData\Roaming\Composer\vendor\bin;;C:\Users\17286\AppData\Local\Programs\Fiddler;D:\VisualStudioCode\Microsoft VS Code\bin;C:\Users\17286\AppData\Local\Microsoft\WindowsApps;C:\Users\17286\AppData\Roaming\npm;D:\nmap;.]
2019-03-03 00:57:43.586  INFO 16868 --- [main] o.a.c.c.C.[Tomcat].[localhost].[/]       : Initializing Spring embedded WebApplicationContext
2019-03-03 00:57:44.896  INFO 16868 --- [main] com.dtb.DtbApplication                   : Started DtbApplication in 6.776 seconds (JVM running for 7.689)
2019-03-03 00:58:05.565  INFO 16868 --- [http-nio-8080-exec-1] o.a.c.c.C.[Tomcat].[localhost].[/]       : Initializing Spring DispatcherServlet 'dispatcherServlet'
2019-03-03 00:58:05.658  INFO 16868 --- [http-nio-8080-exec-1] com.zaxxer.hikari.HikariDataSource       : HikariPool-1 - Starting...
2019-03-03 00:58:05.828  INFO 16868 --- [http-nio-8080-exec-1] com.zaxxer.hikari.HikariDataSource       : HikariPool-1 - Start completed.
2019-03-03 00:58:43.737  INFO 23812 --- [main] com.dtb.DtbApplication                   : Starting DtbApplication on 祝飞鸿 with PID 23812 (D:\IntelliJ+IDEA+2017\SpringBootProjects\dtb\target\classes started by 飞鸿 in D:\IntelliJ+IDEA+2017\SpringBootProjects\dtb)
2019-03-03 00:58:43.744  INFO 23812 --- [main] com.dtb.DtbApplication                   : No active profile set, falling back to default profiles: default
2019-03-03 00:58:48.498  INFO 23812 --- [main] o.apache.catalina.core.StandardService   : Starting service [Tomcat]
2019-03-03 00:58:48.498  INFO 23812 --- [main] org.apache.catalina.core.StandardEngine  : Starting Servlet engine: [Apache Tomcat/9.0.16]
2019-03-03 00:58:48.507  INFO 23812 --- [main] o.a.catalina.core.AprLifecycleListener   : The APR based Apache Tomcat Native library which allows optimal performance in production environments was not found on the java.library.path: [D:\JDK\bin;C:\WINDOWS\Sun\Java\bin;C:\WINDOWS\system32;C:\WINDOWS;C:\Program Files (x86)\Java\jdk1.8.0_172\bin;C:\Program Files (x86)\Java\jdk1.8.0_172\jre\bin;C:\ProgramData\Oracle\Java\javapath;C:\WINDOWS\system32;C:\WINDOWS;C:\WINDOWS\System32\Wbem;C:\WINDOWS\System32\WindowsPowerShell\v1.0\;C:\Program Files (x86)\MySQL\MySQL Server 5.1\bin\;D:\WAMPServer\wamp64\bin\php\php5.6.31\php.exe;D:\Maven\apache-maven-3.6.0\bin;D:\WAMPServer\wamp64\bin\php\php7.1.9;C:\ProgramData\ComposerSetup\bin;C:\Program Files\PuTTY\;C:\Program Files (x86)\QuickTime\QTSystem\;C:\Program Files\dotnet\;C:\Program Files\Microsoft SQL Server\130\Tools\Binn\;C:\WINDOWS\System32\OpenSSH\;D:\Git\Git\cmd;C:\Program Files\TortoiseSVN\bin;D:\Node\;D:\MySql\mysql-8.0.12-winx64\bin;C:\Users\17286\AppData\Local\Microsoft\WindowsApps;C:\Users\17286\AppData\Local\atom\bin;C:\Users\17286\AppData\Roaming\Composer\vendor\bin;;C:\Users\17286\AppData\Local\Programs\Fiddler;D:\VisualStudioCode\Microsoft VS Code\bin;C:\Users\17286\AppData\Local\Microsoft\WindowsApps;C:\Users\17286\AppData\Roaming\npm;D:\nmap;.]
2019-03-03 00:58:48.715  INFO 23812 --- [main] o.a.c.c.C.[Tomcat].[localhost].[/]       : Initializing Spring embedded WebApplicationContext
2019-03-03 00:58:50.313  INFO 23812 --- [main] com.dtb.DtbApplication                   : Started DtbApplication in 7.212 seconds (JVM running for 8.08)
2019-03-03 00:58:50.469  INFO 23812 --- [http-nio-8080-exec-2] o.a.c.c.C.[Tomcat].[localhost].[/]       : Initializing Spring DispatcherServlet 'dispatcherServlet'
2019-03-03 00:59:33.551  INFO 20996 --- [main] com.dtb.DtbApplication                   : Starting DtbApplication on 祝飞鸿 with PID 20996 (D:\IntelliJ+IDEA+2017\SpringBootProjects\dtb\target\classes started by 飞鸿 in D:\IntelliJ+IDEA+2017\SpringBootProjects\dtb)
2019-03-03 00:59:33.556  INFO 20996 --- [main] com.dtb.DtbApplication                   : No active profile set, falling back to default profiles: default
2019-03-03 00:59:37.664  INFO 20996 --- [main] o.apache.catalina.core.StandardService   : Starting service [Tomcat]
2019-03-03 00:59:37.665  INFO 20996 --- [main] org.apache.catalina.core.StandardEngine  : Starting Servlet engine: [Apache Tomcat/9.0.16]
2019-03-03 00:59:37.674  INFO 20996 --- [main] o.a.catalina.core.AprLifecycleListener   : The APR based Apache Tomcat Native library which allows optimal performance in production environments was not found on the java.library.path: [D:\JDK\bin;C:\WINDOWS\Sun\Java\bin;C:\WINDOWS\system32;C:\WINDOWS;C:\Program Files (x86)\Java\jdk1.8.0_172\bin;C:\Program Files (x86)\Java\jdk1.8.0_172\jre\bin;C:\ProgramData\Oracle\Java\javapath;C:\WINDOWS\system32;C:\WINDOWS;C:\WINDOWS\System32\Wbem;C:\WINDOWS\System32\WindowsPowerShell\v1.0\;C:\Program Files (x86)\MySQL\MySQL Server 5.1\bin\;D:\WAMPServer\wamp64\bin\php\php5.6.31\php.exe;D:\Maven\apache-maven-3.6.0\bin;D:\WAMPServer\wamp64\bin\php\php7.1.9;C:\ProgramData\ComposerSetup\bin;C:\Program Files\PuTTY\;C:\Program Files (x86)\QuickTime\QTSystem\;C:\Program Files\dotnet\;C:\Program Files\Microsoft SQL Server\130\Tools\Binn\;C:\WINDOWS\System32\OpenSSH\;D:\Git\Git\cmd;C:\Program Files\TortoiseSVN\bin;D:\Node\;D:\MySql\mysql-8.0.12-winx64\bin;C:\Users\17286\AppData\Local\Microsoft\WindowsApps;C:\Users\17286\AppData\Local\atom\bin;C:\Users\17286\AppData\Roaming\Composer\vendor\bin;;C:\Users\17286\AppData\Local\Programs\Fiddler;D:\VisualStudioCode\Microsoft VS Code\bin;C:\Users\17286\AppData\Local\Microsoft\WindowsApps;C:\Users\17286\AppData\Roaming\npm;D:\nmap;.]
2019-03-03 00:59:37.864  INFO 20996 --- [main] o.a.c.c.C.[Tomcat].[localhost].[/]       : Initializing Spring embedded WebApplicationContext
2019-03-03 00:59:39.363  INFO 20996 --- [main] com.dtb.DtbApplication                   : Started DtbApplication in 6.424 seconds (JVM running for 7.251)
2019-03-03 00:59:40.407  INFO 20996 --- [http-nio-8080-exec-2] o.a.c.c.C.[Tomcat].[localhost].[/]       : Initializing Spring DispatcherServlet 'dispatcherServlet'
2019-03-03 01:00:45.639  INFO 15448 --- [main] com.dtb.DtbApplication                   : Starting DtbApplication on 祝飞鸿 with PID 15448 (D:\IntelliJ+IDEA+2017\SpringBootProjects\dtb\target\classes started by 飞鸿 in D:\IntelliJ+IDEA+2017\SpringBootProjects\dtb)
2019-03-03 01:00:45.643  INFO 15448 --- [main] com.dtb.DtbApplication                   : No active profile set, falling back to default profiles: default
2019-03-03 01:00:49.630  INFO 15448 --- [main] o.apache.catalina.core.StandardService   : Starting service [Tomcat]
2019-03-03 01:00:49.631  INFO 15448 --- [main] org.apache.catalina.core.StandardEngine  : Starting Servlet engine: [Apache Tomcat/9.0.16]
2019-03-03 01:00:49.644  INFO 15448 --- [main] o.a.catalina.core.AprLifecycleListener   : The APR based Apache Tomcat Native library which allows optimal performance in production environments was not found on the java.library.path: [D:\JDK\bin;C:\WINDOWS\Sun\Java\bin;C:\WINDOWS\system32;C:\WINDOWS;C:\Program Files (x86)\Java\jdk1.8.0_172\bin;C:\Program Files (x86)\Java\jdk1.8.0_172\jre\bin;C:\ProgramData\Oracle\Java\javapath;C:\WINDOWS\system32;C:\WINDOWS;C:\WINDOWS\System32\Wbem;C:\WINDOWS\System32\WindowsPowerShell\v1.0\;C:\Program Files (x86)\MySQL\MySQL Server 5.1\bin\;D:\WAMPServer\wamp64\bin\php\php5.6.31\php.exe;D:\Maven\apache-maven-3.6.0\bin;D:\WAMPServer\wamp64\bin\php\php7.1.9;C:\ProgramData\ComposerSetup\bin;C:\Program Files\PuTTY\;C:\Program Files (x86)\QuickTime\QTSystem\;C:\Program Files\dotnet\;C:\Program Files\Microsoft SQL Server\130\Tools\Binn\;C:\WINDOWS\System32\OpenSSH\;D:\Git\Git\cmd;C:\Program Files\TortoiseSVN\bin;D:\Node\;D:\MySql\mysql-8.0.12-winx64\bin;C:\Users\17286\AppData\Local\Microsoft\WindowsApps;C:\Users\17286\AppData\Local\atom\bin;C:\Users\17286\AppData\Roaming\Composer\vendor\bin;;C:\Users\17286\AppData\Local\Programs\Fiddler;D:\VisualStudioCode\Microsoft VS Code\bin;C:\Users\17286\AppData\Local\Microsoft\WindowsApps;C:\Users\17286\AppData\Roaming\npm;D:\nmap;.]
2019-03-03 01:00:49.843  INFO 15448 --- [main] o.a.c.c.C.[Tomcat].[localhost].[/]       : Initializing Spring embedded WebApplicationContext
2019-03-03 01:00:51.273  INFO 15448 --- [main] com.dtb.DtbApplication                   : Started DtbApplication in 6.248 seconds (JVM running for 7.075)
2019-03-03 01:00:52.640  INFO 15448 --- [http-nio-8080-exec-1] o.a.c.c.C.[Tomcat].[localhost].[/]       : Initializing Spring DispatcherServlet 'dispatcherServlet'
2019-03-03 01:00:52.734  INFO 15448 --- [http-nio-8080-exec-1] com.zaxxer.hikari.HikariDataSource       : HikariPool-1 - Starting...
2019-03-03 01:00:52.894  INFO 15448 --- [http-nio-8080-exec-1] com.zaxxer.hikari.HikariDataSource       : HikariPool-1 - Start completed.
2019-03-03 01:02:17.619 ERROR 15448 --- [http-nio-8080-exec-6] o.a.c.c.C.[.[.[/].[dispatcherServlet]    : Servlet.service() for servlet [dispatcherServlet] in context with path [] threw exception [Request processing failed; nested exception is org.mybatis.spring.MyBatisSystemException: nested exception is org.apache.ibatis.exceptions.TooManyResultsException: Expected one result (or null) to be returned by selectOne(), but found: 2] with root cause

org.apache.ibatis.exceptions.TooManyResultsException: Expected one result (or null) to be returned by selectOne(), but found: 2
	at org.apache.ibatis.session.defaults.DefaultSqlSession.selectOne(DefaultSqlSession.java:81) ~[mybatis-3.5.0.jar:3.5.0]
	at sun.reflect.NativeMethodAccessorImpl.invoke0(Native Method) ~[na:1.8.0_131]
	at sun.reflect.NativeMethodAccessorImpl.invoke(NativeMethodAccessorImpl.java:62) ~[na:1.8.0_131]
	at sun.reflect.DelegatingMethodAccessorImpl.invoke(DelegatingMethodAccessorImpl.java:43) ~[na:1.8.0_131]
	at java.lang.reflect.Method.invoke(Method.java:498) ~[na:1.8.0_131]
	at org.mybatis.spring.SqlSessionTemplate$SqlSessionInterceptor.invoke(SqlSessionTemplate.java:433) ~[mybatis-spring-2.0.0.jar:2.0.0]
	at com.sun.proxy.$Proxy57.selectOne(Unknown Source) ~[na:na]
	at org.mybatis.spring.SqlSessionTemplate.selectOne(SqlSessionTemplate.java:166) ~[mybatis-spring-2.0.0.jar:2.0.0]
	at org.apache.ibatis.binding.MapperMethod.execute(MapperMethod.java:84) ~[mybatis-3.5.0.jar:3.5.0]
	at org.apache.ibatis.binding.MapperProxy.invoke(MapperProxy.java:58) ~[mybatis-3.5.0.jar:3.5.0]
	at com.sun.proxy.$Proxy58.selectByPhone(Unknown Source) ~[na:na]
	at com.dtb.home.service.impl.UserServiceImpl.login(UserServiceImpl.java:23) ~[classes/:na]
	at com.dtb.home.controller.UserController.checkLogin(UserController.java:72) ~[classes/:na]
	at sun.reflect.NativeMethodAccessorImpl.invoke0(Native Method) ~[na:1.8.0_131]
	at sun.reflect.NativeMethodAccessorImpl.invoke(NativeMethodAccessorImpl.java:62) ~[na:1.8.0_131]
	at sun.reflect.DelegatingMethodAccessorImpl.invoke(DelegatingMethodAccessorImpl.java:43) ~[na:1.8.0_131]
	at java.lang.reflect.Method.invoke(Method.java:498) ~[na:1.8.0_131]
	at org.springframework.web.method.support.InvocableHandlerMethod.doInvoke(InvocableHandlerMethod.java:189) ~[spring-web-5.1.5.RELEASE.jar:5.1.5.RELEASE]
	at org.springframework.web.method.support.InvocableHandlerMethod.invokeForRequest(InvocableHandlerMethod.java:138) ~[spring-web-5.1.5.RELEASE.jar:5.1.5.RELEASE]
	at org.springframework.web.servlet.mvc.method.annotation.ServletInvocableHandlerMethod.invokeAndHandle(ServletInvocableHandlerMethod.java:102) ~[spring-webmvc-5.1.5.RELEASE.jar:5.1.5.RELEASE]
	at org.springframework.web.servlet.mvc.method.annotation.RequestMappingHandlerAdapter.invokeHandlerMethod(RequestMappingHandlerAdapter.java:895) ~[spring-webmvc-5.1.5.RELEASE.jar:5.1.5.RELEASE]
	at org.springframework.web.servlet.mvc.method.annotation.RequestMappingHandlerAdapter.handleInternal(RequestMappingHandlerAdapter.java:800) ~[spring-webmvc-5.1.5.RELEASE.jar:5.1.5.RELEASE]
	at org.springframework.web.servlet.mvc.method.AbstractHandlerMethodAdapter.handle(AbstractHandlerMethodAdapter.java:87) ~[spring-webmvc-5.1.5.RELEASE.jar:5.1.5.RELEASE]
	at org.springframework.web.servlet.DispatcherServlet.doDispatch(DispatcherServlet.java:1038) ~[spring-webmvc-5.1.5.RELEASE.jar:5.1.5.RELEASE]
	at org.springframework.web.servlet.DispatcherServlet.doService(DispatcherServlet.java:942) ~[spring-webmvc-5.1.5.RELEASE.jar:5.1.5.RELEASE]
	at org.springframework.web.servlet.FrameworkServlet.processRequest(FrameworkServlet.java:1005) ~[spring-webmvc-5.1.5.RELEASE.jar:5.1.5.RELEASE]
	at org.springframework.web.servlet.FrameworkServlet.doPost(FrameworkServlet.java:908) ~[spring-webmvc-5.1.5.RELEASE.jar:5.1.5.RELEASE]
	at javax.servlet.http.HttpServlet.service(HttpServlet.java:660) ~[tomcat-embed-core-9.0.16.jar:9.0.16]
	at org.springframework.web.servlet.FrameworkServlet.service(FrameworkServlet.java:882) ~[spring-webmvc-5.1.5.RELEASE.jar:5.1.5.RELEASE]
	at javax.servlet.http.HttpServlet.service(HttpServlet.java:741) ~[tomcat-embed-core-9.0.16.jar:9.0.16]
	at org.apache.catalina.core.ApplicationFilterChain.internalDoFilter(ApplicationFilterChain.java:231) ~[tomcat-embed-core-9.0.16.jar:9.0.16]
	at org.apache.catalina.core.ApplicationFilterChain.doFilter(ApplicationFilterChain.java:166) ~[tomcat-embed-core-9.0.16.jar:9.0.16]
	at org.apache.tomcat.websocket.server.WsFilter.doFilter(WsFilter.java:53) ~[tomcat-embed-websocket-9.0.16.jar:9.0.16]
	at org.apache.catalina.core.ApplicationFilterChain.internalDoFilter(ApplicationFilterChain.java:193) ~[tomcat-embed-core-9.0.16.jar:9.0.16]
	at org.apache.catalina.core.ApplicationFilterChain.doFilter(ApplicationFilterChain.java:166) ~[tomcat-embed-core-9.0.16.jar:9.0.16]
	at org.springframework.web.filter.RequestContextFilter.doFilterInternal(RequestContextFilter.java:99) ~[spring-web-5.1.5.RELEASE.jar:5.1.5.RELEASE]
	at org.springframework.web.filter.OncePerRequestFilter.doFilter(OncePerRequestFilter.java:107) ~[spring-web-5.1.5.RELEASE.jar:5.1.5.RELEASE]
	at org.apache.catalina.core.ApplicationFilterChain.internalDoFilter(ApplicationFilterChain.java:193) ~[tomcat-embed-core-9.0.16.jar:9.0.16]
	at org.apache.catalina.core.ApplicationFilterChain.doFilter(ApplicationFilterChain.java:166) ~[tomcat-embed-core-9.0.16.jar:9.0.16]
	at org.springframework.web.filter.FormContentFilter.doFilterInternal(FormContentFilter.java:92) ~[spring-web-5.1.5.RELEASE.jar:5.1.5.RELEASE]
	at org.springframework.web.filter.OncePerRequestFilter.doFilter(OncePerRequestFilter.java:107) ~[spring-web-5.1.5.RELEASE.jar:5.1.5.RELEASE]
	at org.apache.catalina.core.ApplicationFilterChain.internalDoFilter(ApplicationFilterChain.java:193) ~[tomcat-embed-core-9.0.16.jar:9.0.16]
	at org.apache.catalina.core.ApplicationFilterChain.doFilter(ApplicationFilterChain.java:166) ~[tomcat-embed-core-9.0.16.jar:9.0.16]
	at org.springframework.web.filter.HiddenHttpMethodFilter.doFilterInternal(HiddenHttpMethodFilter.java:93) ~[spring-web-5.1.5.RELEASE.jar:5.1.5.RELEASE]
	at org.springframework.web.filter.OncePerRequestFilter.doFilter(OncePerRequestFilter.java:107) ~[spring-web-5.1.5.RELEASE.jar:5.1.5.RELEASE]
	at org.apache.catalina.core.ApplicationFilterChain.internalDoFilter(ApplicationFilterChain.java:193) ~[tomcat-embed-core-9.0.16.jar:9.0.16]
	at org.apache.catalina.core.ApplicationFilterChain.doFilter(ApplicationFilterChain.java:166) ~[tomcat-embed-core-9.0.16.jar:9.0.16]
	at org.springframework.web.filter.CharacterEncodingFilter.doFilterInternal(CharacterEncodingFilter.java:200) ~[spring-web-5.1.5.RELEASE.jar:5.1.5.RELEASE]
	at org.springframework.web.filter.OncePerRequestFilter.doFilter(OncePerRequestFilter.java:107) ~[spring-web-5.1.5.RELEASE.jar:5.1.5.RELEASE]
	at org.apache.catalina.core.ApplicationFilterChain.internalDoFilter(ApplicationFilterChain.java:193) ~[tomcat-embed-core-9.0.16.jar:9.0.16]
	at org.apache.catalina.core.ApplicationFilterChain.doFilter(ApplicationFilterChain.java:166) ~[tomcat-embed-core-9.0.16.jar:9.0.16]
	at org.apache.catalina.core.StandardWrapperValve.invoke(StandardWrapperValve.java:200) ~[tomcat-embed-core-9.0.16.jar:9.0.16]
	at org.apache.catalina.core.StandardContextValve.invoke(StandardContextValve.java:96) [tomcat-embed-core-9.0.16.jar:9.0.16]
	at org.apache.catalina.authenticator.AuthenticatorBase.invoke(AuthenticatorBase.java:490) [tomcat-embed-core-9.0.16.jar:9.0.16]
	at org.apache.catalina.core.StandardHostValve.invoke(StandardHostValve.java:139) [tomcat-embed-core-9.0.16.jar:9.0.16]
	at org.apache.catalina.valves.ErrorReportValve.invoke(ErrorReportValve.java:92) [tomcat-embed-core-9.0.16.jar:9.0.16]
	at org.apache.catalina.core.StandardEngineValve.invoke(StandardEngineValve.java:74) [tomcat-embed-core-9.0.16.jar:9.0.16]
	at org.apache.catalina.connector.CoyoteAdapter.service(CoyoteAdapter.java:343) [tomcat-embed-core-9.0.16.jar:9.0.16]
	at org.apache.coyote.http11.Http11Processor.service(Http11Processor.java:408) [tomcat-embed-core-9.0.16.jar:9.0.16]
	at org.apache.coyote.AbstractProcessorLight.process(AbstractProcessorLight.java:66) [tomcat-embed-core-9.0.16.jar:9.0.16]
	at org.apache.coyote.AbstractProtocol$ConnectionHandler.process(AbstractProtocol.java:834) [tomcat-embed-core-9.0.16.jar:9.0.16]
	at org.apache.tomcat.util.net.NioEndpoint$SocketProcessor.doRun(NioEndpoint.java:1415) [tomcat-embed-core-9.0.16.jar:9.0.16]
	at org.apache.tomcat.util.net.SocketProcessorBase.run(SocketProcessorBase.java:49) [tomcat-embed-core-9.0.16.jar:9.0.16]
	at java.util.concurrent.ThreadPoolExecutor.runWorker(ThreadPoolExecutor.java:1142) [na:1.8.0_131]
	at java.util.concurrent.ThreadPoolExecutor$Worker.run(ThreadPoolExecutor.java:617) [na:1.8.0_131]
	at org.apache.tomcat.util.threads.TaskThread$WrappingRunnable.run(TaskThread.java:61) [tomcat-embed-core-9.0.16.jar:9.0.16]
	at java.lang.Thread.run(Thread.java:748) [na:1.8.0_131]

2019-03-03 01:06:39.426  INFO 12668 --- [main] com.dtb.DtbApplication                   : Starting DtbApplication on 祝飞鸿 with PID 12668 (D:\IntelliJ+IDEA+2017\SpringBootProjects\dtb\target\classes started by 飞鸿 in D:\IntelliJ+IDEA+2017\SpringBootProjects\dtb)
2019-03-03 01:06:39.432  INFO 12668 --- [main] com.dtb.DtbApplication                   : No active profile set, falling back to default profiles: default
2019-03-03 01:06:44.269  INFO 12668 --- [main] o.apache.catalina.core.StandardService   : Starting service [Tomcat]
2019-03-03 01:06:44.269  INFO 12668 --- [main] org.apache.catalina.core.StandardEngine  : Starting Servlet engine: [Apache Tomcat/9.0.16]
2019-03-03 01:06:44.279  INFO 12668 --- [main] o.a.catalina.core.AprLifecycleListener   : The APR based Apache Tomcat Native library which allows optimal performance in production environments was not found on the java.library.path: [D:\JDK\bin;C:\WINDOWS\Sun\Java\bin;C:\WINDOWS\system32;C:\WINDOWS;C:\Program Files (x86)\Java\jdk1.8.0_172\bin;C:\Program Files (x86)\Java\jdk1.8.0_172\jre\bin;C:\ProgramData\Oracle\Java\javapath;C:\WINDOWS\system32;C:\WINDOWS;C:\WINDOWS\System32\Wbem;C:\WINDOWS\System32\WindowsPowerShell\v1.0\;C:\Program Files (x86)\MySQL\MySQL Server 5.1\bin\;D:\WAMPServer\wamp64\bin\php\php5.6.31\php.exe;D:\Maven\apache-maven-3.6.0\bin;D:\WAMPServer\wamp64\bin\php\php7.1.9;C:\ProgramData\ComposerSetup\bin;C:\Program Files\PuTTY\;C:\Program Files (x86)\QuickTime\QTSystem\;C:\Program Files\dotnet\;C:\Program Files\Microsoft SQL Server\130\Tools\Binn\;C:\WINDOWS\System32\OpenSSH\;D:\Git\Git\cmd;C:\Program Files\TortoiseSVN\bin;D:\Node\;D:\MySql\mysql-8.0.12-winx64\bin;C:\Users\17286\AppData\Local\Microsoft\WindowsApps;C:\Users\17286\AppData\Local\atom\bin;C:\Users\17286\AppData\Roaming\Composer\vendor\bin;;C:\Users\17286\AppData\Local\Programs\Fiddler;D:\VisualStudioCode\Microsoft VS Code\bin;C:\Users\17286\AppData\Local\Microsoft\WindowsApps;C:\Users\17286\AppData\Roaming\npm;D:\nmap;.]
2019-03-03 01:06:44.458  INFO 12668 --- [main] o.a.c.c.C.[Tomcat].[localhost].[/]       : Initializing Spring embedded WebApplicationContext
2019-03-03 01:06:45.933  INFO 12668 --- [main] com.dtb.DtbApplication                   : Started DtbApplication in 7.143 seconds (JVM running for 8.041)
2019-03-03 01:06:46.119  INFO 12668 --- [http-nio-8080-exec-1] o.a.c.c.C.[Tomcat].[localhost].[/]       : Initializing Spring DispatcherServlet 'dispatcherServlet'
2019-03-03 01:07:10.817  INFO 12668 --- [http-nio-8080-exec-8] com.zaxxer.hikari.HikariDataSource       : HikariPool-1 - Starting...
2019-03-03 01:07:11.256  INFO 12668 --- [http-nio-8080-exec-8] com.zaxxer.hikari.HikariDataSource       : HikariPool-1 - Start completed.
2019-03-03 01:10:55.989  INFO 12668 --- [http-nio-8080-exec-3] com.dtb.utils.email.impl.EmailUtilImpl   : html邮件已经发送。
2019-03-03 01:20:09.771  INFO 11452 --- [main] com.dtb.DtbApplication                   : Starting DtbApplication on 祝飞鸿 with PID 11452 (D:\IntelliJ+IDEA+2017\SpringBootProjects\dtb\target\classes started by 飞鸿 in D:\IntelliJ+IDEA+2017\SpringBootProjects\dtb)
2019-03-03 01:20:09.779  INFO 11452 --- [main] com.dtb.DtbApplication                   : No active profile set, falling back to default profiles: default
2019-03-03 01:20:27.655  INFO 21584 --- [main] com.dtb.DtbApplication                   : Starting DtbApplication on 祝飞鸿 with PID 21584 (D:\IntelliJ+IDEA+2017\SpringBootProjects\dtb\target\classes started by 飞鸿 in D:\IntelliJ+IDEA+2017\SpringBootProjects\dtb)
2019-03-03 01:20:27.659  INFO 21584 --- [main] com.dtb.DtbApplication                   : No active profile set, falling back to default profiles: default
2019-03-03 01:20:32.207  INFO 21584 --- [main] o.apache.catalina.core.StandardService   : Starting service [Tomcat]
2019-03-03 01:20:32.208  INFO 21584 --- [main] org.apache.catalina.core.StandardEngine  : Starting Servlet engine: [Apache Tomcat/9.0.16]
2019-03-03 01:20:32.219  INFO 21584 --- [main] o.a.catalina.core.AprLifecycleListener   : The APR based Apache Tomcat Native library which allows optimal performance in production environments was not found on the java.library.path: [D:\JDK\bin;C:\WINDOWS\Sun\Java\bin;C:\WINDOWS\system32;C:\WINDOWS;C:\Program Files (x86)\Java\jdk1.8.0_172\bin;C:\Program Files (x86)\Java\jdk1.8.0_172\jre\bin;C:\ProgramData\Oracle\Java\javapath;C:\WINDOWS\system32;C:\WINDOWS;C:\WINDOWS\System32\Wbem;C:\WINDOWS\System32\WindowsPowerShell\v1.0\;C:\Program Files (x86)\MySQL\MySQL Server 5.1\bin\;D:\WAMPServer\wamp64\bin\php\php5.6.31\php.exe;D:\Maven\apache-maven-3.6.0\bin;D:\WAMPServer\wamp64\bin\php\php7.1.9;C:\ProgramData\ComposerSetup\bin;C:\Program Files\PuTTY\;C:\Program Files (x86)\QuickTime\QTSystem\;C:\Program Files\dotnet\;C:\Program Files\Microsoft SQL Server\130\Tools\Binn\;C:\WINDOWS\System32\OpenSSH\;D:\Git\Git\cmd;C:\Program Files\TortoiseSVN\bin;D:\Node\;D:\MySql\mysql-8.0.12-winx64\bin;C:\Users\17286\AppData\Local\Microsoft\WindowsApps;C:\Users\17286\AppData\Local\atom\bin;C:\Users\17286\AppData\Roaming\Composer\vendor\bin;;C:\Users\17286\AppData\Local\Programs\Fiddler;D:\VisualStudioCode\Microsoft VS Code\bin;C:\Users\17286\AppData\Local\Microsoft\WindowsApps;C:\Users\17286\AppData\Roaming\npm;D:\nmap;.]
2019-03-03 01:20:32.410  INFO 21584 --- [main] o.a.c.c.C.[Tomcat].[localhost].[/]       : Initializing Spring embedded WebApplicationContext
2019-03-03 01:20:33.764  INFO 21584 --- [main] com.dtb.DtbApplication                   : Started DtbApplication in 6.774 seconds (JVM running for 8.145)
2019-03-03 01:20:33.905  INFO 21584 --- [http-nio-8080-exec-1] o.a.c.c.C.[Tomcat].[localhost].[/]       : Initializing Spring DispatcherServlet 'dispatcherServlet'
2019-03-03 01:21:17.635  INFO 23584 --- [main] com.dtb.DtbApplication                   : Starting DtbApplication on 祝飞鸿 with PID 23584 (D:\IntelliJ+IDEA+2017\SpringBootProjects\dtb\target\classes started by 飞鸿 in D:\IntelliJ+IDEA+2017\SpringBootProjects\dtb)
2019-03-03 01:21:17.659  INFO 23584 --- [main] com.dtb.DtbApplication                   : No active profile set, falling back to default profiles: default
2019-03-03 01:21:30.859  INFO 23584 --- [main] o.apache.catalina.core.StandardService   : Starting service [Tomcat]
2019-03-03 01:21:30.861  INFO 23584 --- [main] org.apache.catalina.core.StandardEngine  : Starting Servlet engine: [Apache Tomcat/9.0.16]
2019-03-03 01:21:30.905  INFO 23584 --- [main] o.a.catalina.core.AprLifecycleListener   : The APR based Apache Tomcat Native library which allows optimal performance in production environments was not found on the java.library.path: [D:\JDK\bin;C:\WINDOWS\Sun\Java\bin;C:\WINDOWS\system32;C:\WINDOWS;C:\Program Files (x86)\Java\jdk1.8.0_172\bin;C:\Program Files (x86)\Java\jdk1.8.0_172\jre\bin;C:\ProgramData\Oracle\Java\javapath;C:\WINDOWS\system32;C:\WINDOWS;C:\WINDOWS\System32\Wbem;C:\WINDOWS\System32\WindowsPowerShell\v1.0\;C:\Program Files (x86)\MySQL\MySQL Server 5.1\bin\;D:\WAMPServer\wamp64\bin\php\php5.6.31\php.exe;D:\Maven\apache-maven-3.6.0\bin;D:\WAMPServer\wamp64\bin\php\php7.1.9;C:\ProgramData\ComposerSetup\bin;C:\Program Files\PuTTY\;C:\Program Files (x86)\QuickTime\QTSystem\;C:\Program Files\dotnet\;C:\Program Files\Microsoft SQL Server\130\Tools\Binn\;C:\WINDOWS\System32\OpenSSH\;D:\Git\Git\cmd;C:\Program Files\TortoiseSVN\bin;D:\Node\;D:\MySql\mysql-8.0.12-winx64\bin;C:\Users\17286\AppData\Local\Microsoft\WindowsApps;C:\Users\17286\AppData\Local\atom\bin;C:\Users\17286\AppData\Roaming\Composer\vendor\bin;;C:\Users\17286\AppData\Local\Programs\Fiddler;D:\VisualStudioCode\Microsoft VS Code\bin;C:\Users\17286\AppData\Local\Microsoft\WindowsApps;C:\Users\17286\AppData\Roaming\npm;D:\nmap;.]
2019-03-03 01:21:31.698  INFO 23584 --- [main] o.a.c.c.C.[Tomcat].[localhost].[/]       : Initializing Spring embedded WebApplicationContext
2019-03-03 01:21:36.038  INFO 23584 --- [main] com.dtb.DtbApplication                   : Started DtbApplication in 20.697 seconds (JVM running for 23.767)
2019-03-03 01:21:36.194  INFO 23584 --- [http-nio-8080-exec-1] o.a.c.c.C.[Tomcat].[localhost].[/]       : Initializing Spring DispatcherServlet 'dispatcherServlet'
2019-03-03 01:22:27.139  INFO 15644 --- [main] com.dtb.DtbApplication                   : Starting DtbApplication on 祝飞鸿 with PID 15644 (D:\IntelliJ+IDEA+2017\SpringBootProjects\dtb\target\classes started by 飞鸿 in D:\IntelliJ+IDEA+2017\SpringBootProjects\dtb)
2019-03-03 01:22:27.148  INFO 15644 --- [main] com.dtb.DtbApplication                   : No active profile set, falling back to default profiles: default
2019-03-03 01:22:40.503  INFO 15644 --- [main] o.apache.catalina.core.StandardService   : Starting service [Tomcat]
2019-03-03 01:22:40.505  INFO 15644 --- [main] org.apache.catalina.core.StandardEngine  : Starting Servlet engine: [Apache Tomcat/9.0.16]
2019-03-03 01:22:40.531  INFO 15644 --- [main] o.a.catalina.core.AprLifecycleListener   : The APR based Apache Tomcat Native library which allows optimal performance in production environments was not found on the java.library.path: [D:\JDK\bin;C:\WINDOWS\Sun\Java\bin;C:\WINDOWS\system32;C:\WINDOWS;C:\Program Files (x86)\Java\jdk1.8.0_172\bin;C:\Program Files (x86)\Java\jdk1.8.0_172\jre\bin;C:\ProgramData\Oracle\Java\javapath;C:\WINDOWS\system32;C:\WINDOWS;C:\WINDOWS\System32\Wbem;C:\WINDOWS\System32\WindowsPowerShell\v1.0\;C:\Program Files (x86)\MySQL\MySQL Server 5.1\bin\;D:\WAMPServer\wamp64\bin\php\php5.6.31\php.exe;D:\Maven\apache-maven-3.6.0\bin;D:\WAMPServer\wamp64\bin\php\php7.1.9;C:\ProgramData\ComposerSetup\bin;C:\Program Files\PuTTY\;C:\Program Files (x86)\QuickTime\QTSystem\;C:\Program Files\dotnet\;C:\Program Files\Microsoft SQL Server\130\Tools\Binn\;C:\WINDOWS\System32\OpenSSH\;D:\Git\Git\cmd;C:\Program Files\TortoiseSVN\bin;D:\Node\;D:\MySql\mysql-8.0.12-winx64\bin;C:\Users\17286\AppData\Local\Microsoft\WindowsApps;C:\Users\17286\AppData\Local\atom\bin;C:\Users\17286\AppData\Roaming\Composer\vendor\bin;;C:\Users\17286\AppData\Local\Programs\Fiddler;D:\VisualStudioCode\Microsoft VS Code\bin;C:\Users\17286\AppData\Local\Microsoft\WindowsApps;C:\Users\17286\AppData\Roaming\npm;D:\nmap;.]
2019-03-03 01:22:40.981  INFO 15644 --- [main] o.a.c.c.C.[Tomcat].[localhost].[/]       : Initializing Spring embedded WebApplicationContext
2019-03-03 01:22:44.692  INFO 15644 --- [main] com.dtb.DtbApplication                   : Started DtbApplication in 19.535 seconds (JVM running for 22.559)
2019-03-03 01:22:51.565  INFO 15644 --- [http-nio-8080-exec-1] o.a.c.c.C.[Tomcat].[localhost].[/]       : Initializing Spring DispatcherServlet 'dispatcherServlet'
2019-03-03 01:23:34.424  INFO 15956 --- [main] com.dtb.DtbApplication                   : Starting DtbApplication on 祝飞鸿 with PID 15956 (D:\IntelliJ+IDEA+2017\SpringBootProjects\dtb\target\classes started by 飞鸿 in D:\IntelliJ+IDEA+2017\SpringBootProjects\dtb)
2019-03-03 01:23:34.430  INFO 15956 --- [main] com.dtb.DtbApplication                   : No active profile set, falling back to default profiles: default
2019-03-03 01:23:46.729  INFO 15956 --- [main] o.apache.catalina.core.StandardService   : Starting service [Tomcat]
2019-03-03 01:23:46.730  INFO 15956 --- [main] org.apache.catalina.core.StandardEngine  : Starting Servlet engine: [Apache Tomcat/9.0.16]
2019-03-03 01:23:46.755  INFO 15956 --- [main] o.a.catalina.core.AprLifecycleListener   : The APR based Apache Tomcat Native library which allows optimal performance in production environments was not found on the java.library.path: [D:\JDK\bin;C:\WINDOWS\Sun\Java\bin;C:\WINDOWS\system32;C:\WINDOWS;C:\Program Files (x86)\Java\jdk1.8.0_172\bin;C:\Program Files (x86)\Java\jdk1.8.0_172\jre\bin;C:\ProgramData\Oracle\Java\javapath;C:\WINDOWS\system32;C:\WINDOWS;C:\WINDOWS\System32\Wbem;C:\WINDOWS\System32\WindowsPowerShell\v1.0\;C:\Program Files (x86)\MySQL\MySQL Server 5.1\bin\;D:\WAMPServer\wamp64\bin\php\php5.6.31\php.exe;D:\Maven\apache-maven-3.6.0\bin;D:\WAMPServer\wamp64\bin\php\php7.1.9;C:\ProgramData\ComposerSetup\bin;C:\Program Files\PuTTY\;C:\Program Files (x86)\QuickTime\QTSystem\;C:\Program Files\dotnet\;C:\Program Files\Microsoft SQL Server\130\Tools\Binn\;C:\WINDOWS\System32\OpenSSH\;D:\Git\Git\cmd;C:\Program Files\TortoiseSVN\bin;D:\Node\;D:\MySql\mysql-8.0.12-winx64\bin;C:\Users\17286\AppData\Local\Microsoft\WindowsApps;C:\Users\17286\AppData\Local\atom\bin;C:\Users\17286\AppData\Roaming\Composer\vendor\bin;;C:\Users\17286\AppData\Local\Programs\Fiddler;D:\VisualStudioCode\Microsoft VS Code\bin;C:\Users\17286\AppData\Local\Microsoft\WindowsApps;C:\Users\17286\AppData\Roaming\npm;D:\nmap;.]
2019-03-03 01:23:47.216  INFO 15956 --- [main] o.a.c.c.C.[Tomcat].[localhost].[/]       : Initializing Spring embedded WebApplicationContext
2019-03-03 01:23:51.219  INFO 15956 --- [main] com.dtb.DtbApplication                   : Started DtbApplication in 18.555 seconds (JVM running for 22.001)
2019-03-03 01:23:57.559  INFO 15956 --- [http-nio-8080-exec-2] o.a.c.c.C.[Tomcat].[localhost].[/]       : Initializing Spring DispatcherServlet 'dispatcherServlet'
2019-03-03 01:25:26.308  INFO 984 --- [main] com.dtb.DtbApplication                   : Starting DtbApplication on 祝飞鸿 with PID 984 (D:\IntelliJ+IDEA+2017\SpringBootProjects\dtb\target\classes started by 飞鸿 in D:\IntelliJ+IDEA+2017\SpringBootProjects\dtb)
2019-03-03 01:25:26.315  INFO 984 --- [main] com.dtb.DtbApplication                   : No active profile set, falling back to default profiles: default
2019-03-03 01:25:30.719  INFO 984 --- [main] o.apache.catalina.core.StandardService   : Starting service [Tomcat]
2019-03-03 01:25:30.719  INFO 984 --- [main] org.apache.catalina.core.StandardEngine  : Starting Servlet engine: [Apache Tomcat/9.0.16]
2019-03-03 01:25:30.730  INFO 984 --- [main] o.a.catalina.core.AprLifecycleListener   : The APR based Apache Tomcat Native library which allows optimal performance in production environments was not found on the java.library.path: [D:\JDK\bin;C:\WINDOWS\Sun\Java\bin;C:\WINDOWS\system32;C:\WINDOWS;C:\Program Files (x86)\Java\jdk1.8.0_172\bin;C:\Program Files (x86)\Java\jdk1.8.0_172\jre\bin;C:\ProgramData\Oracle\Java\javapath;C:\WINDOWS\system32;C:\WINDOWS;C:\WINDOWS\System32\Wbem;C:\WINDOWS\System32\WindowsPowerShell\v1.0\;C:\Program Files (x86)\MySQL\MySQL Server 5.1\bin\;D:\WAMPServer\wamp64\bin\php\php5.6.31\php.exe;D:\Maven\apache-maven-3.6.0\bin;D:\WAMPServer\wamp64\bin\php\php7.1.9;C:\ProgramData\ComposerSetup\bin;C:\Program Files\PuTTY\;C:\Program Files (x86)\QuickTime\QTSystem\;C:\Program Files\dotnet\;C:\Program Files\Microsoft SQL Server\130\Tools\Binn\;C:\WINDOWS\System32\OpenSSH\;D:\Git\Git\cmd;C:\Program Files\TortoiseSVN\bin;D:\Node\;D:\MySql\mysql-8.0.12-winx64\bin;C:\Users\17286\AppData\Local\Microsoft\WindowsApps;C:\Users\17286\AppData\Local\atom\bin;C:\Users\17286\AppData\Roaming\Composer\vendor\bin;;C:\Users\17286\AppData\Local\Programs\Fiddler;D:\VisualStudioCode\Microsoft VS Code\bin;C:\Users\17286\AppData\Local\Microsoft\WindowsApps;C:\Users\17286\AppData\Roaming\npm;D:\nmap;.]
2019-03-03 01:25:30.906  INFO 984 --- [main] o.a.c.c.C.[Tomcat].[localhost].[/]       : Initializing Spring embedded WebApplicationContext
2019-03-03 01:25:32.258  INFO 984 --- [main] com.dtb.DtbApplication                   : Started DtbApplication in 6.554 seconds (JVM running for 7.499)
2019-03-03 01:25:33.589  INFO 984 --- [http-nio-8080-exec-1] o.a.c.c.C.[Tomcat].[localhost].[/]       : Initializing Spring DispatcherServlet 'dispatcherServlet'
2019-03-03 01:27:17.118  INFO 18704 --- [main] com.dtb.DtbApplication                   : Starting DtbApplication on 祝飞鸿 with PID 18704 (D:\IntelliJ+IDEA+2017\SpringBootProjects\dtb\target\classes started by 飞鸿 in D:\IntelliJ+IDEA+2017\SpringBootProjects\dtb)
2019-03-03 01:27:17.123  INFO 18704 --- [main] com.dtb.DtbApplication                   : No active profile set, falling back to default profiles: default
2019-03-03 01:27:21.431  INFO 18704 --- [main] o.apache.catalina.core.StandardService   : Starting service [Tomcat]
2019-03-03 01:27:21.433  INFO 18704 --- [main] org.apache.catalina.core.StandardEngine  : Starting Servlet engine: [Apache Tomcat/9.0.16]
2019-03-03 01:27:21.449  INFO 18704 --- [main] o.a.catalina.core.AprLifecycleListener   : The APR based Apache Tomcat Native library which allows optimal performance in production environments was not found on the java.library.path: [D:\JDK\bin;C:\WINDOWS\Sun\Java\bin;C:\WINDOWS\system32;C:\WINDOWS;C:\Program Files (x86)\Java\jdk1.8.0_172\bin;C:\Program Files (x86)\Java\jdk1.8.0_172\jre\bin;C:\ProgramData\Oracle\Java\javapath;C:\WINDOWS\system32;C:\WINDOWS;C:\WINDOWS\System32\Wbem;C:\WINDOWS\System32\WindowsPowerShell\v1.0\;C:\Program Files (x86)\MySQL\MySQL Server 5.1\bin\;D:\WAMPServer\wamp64\bin\php\php5.6.31\php.exe;D:\Maven\apache-maven-3.6.0\bin;D:\WAMPServer\wamp64\bin\php\php7.1.9;C:\ProgramData\ComposerSetup\bin;C:\Program Files\PuTTY\;C:\Program Files (x86)\QuickTime\QTSystem\;C:\Program Files\dotnet\;C:\Program Files\Microsoft SQL Server\130\Tools\Binn\;C:\WINDOWS\System32\OpenSSH\;D:\Git\Git\cmd;C:\Program Files\TortoiseSVN\bin;D:\Node\;D:\MySql\mysql-8.0.12-winx64\bin;C:\Users\17286\AppData\Local\Microsoft\WindowsApps;C:\Users\17286\AppData\Local\atom\bin;C:\Users\17286\AppData\Roaming\Composer\vendor\bin;;C:\Users\17286\AppData\Local\Programs\Fiddler;D:\VisualStudioCode\Microsoft VS Code\bin;C:\Users\17286\AppData\Local\Microsoft\WindowsApps;C:\Users\17286\AppData\Roaming\npm;D:\nmap;.]
2019-03-03 01:27:21.629  INFO 18704 --- [main] o.a.c.c.C.[Tomcat].[localhost].[/]       : Initializing Spring embedded WebApplicationContext
2019-03-03 01:27:22.913  INFO 18704 --- [main] com.dtb.DtbApplication                   : Started DtbApplication in 6.426 seconds (JVM running for 7.456)
2019-03-03 01:27:25.154  INFO 18704 --- [http-nio-8080-exec-1] o.a.c.c.C.[Tomcat].[localhost].[/]       : Initializing Spring DispatcherServlet 'dispatcherServlet'
2019-03-03 01:29:56.593  INFO 25452 --- [main] com.dtb.DtbApplication                   : Starting DtbApplication on 祝飞鸿 with PID 25452 (D:\IntelliJ+IDEA+2017\SpringBootProjects\dtb\target\classes started by 飞鸿 in D:\IntelliJ+IDEA+2017\SpringBootProjects\dtb)
2019-03-03 01:29:56.597  INFO 25452 --- [main] com.dtb.DtbApplication                   : No active profile set, falling back to default profiles: default
2019-03-03 01:30:01.504  INFO 25452 --- [main] o.apache.catalina.core.StandardService   : Starting service [Tomcat]
2019-03-03 01:30:01.506  INFO 25452 --- [main] org.apache.catalina.core.StandardEngine  : Starting Servlet engine: [Apache Tomcat/9.0.16]
2019-03-03 01:30:01.518  INFO 25452 --- [main] o.a.catalina.core.AprLifecycleListener   : The APR based Apache Tomcat Native library which allows optimal performance in production environments was not found on the java.library.path: [D:\JDK\bin;C:\WINDOWS\Sun\Java\bin;C:\WINDOWS\system32;C:\WINDOWS;C:\Program Files (x86)\Java\jdk1.8.0_172\bin;C:\Program Files (x86)\Java\jdk1.8.0_172\jre\bin;C:\ProgramData\Oracle\Java\javapath;C:\WINDOWS\system32;C:\WINDOWS;C:\WINDOWS\System32\Wbem;C:\WINDOWS\System32\WindowsPowerShell\v1.0\;C:\Program Files (x86)\MySQL\MySQL Server 5.1\bin\;D:\WAMPServer\wamp64\bin\php\php5.6.31\php.exe;D:\Maven\apache-maven-3.6.0\bin;D:\WAMPServer\wamp64\bin\php\php7.1.9;C:\ProgramData\ComposerSetup\bin;C:\Program Files\PuTTY\;C:\Program Files (x86)\QuickTime\QTSystem\;C:\Program Files\dotnet\;C:\Program Files\Microsoft SQL Server\130\Tools\Binn\;C:\WINDOWS\System32\OpenSSH\;D:\Git\Git\cmd;C:\Program Files\TortoiseSVN\bin;D:\Node\;D:\MySql\mysql-8.0.12-winx64\bin;C:\Users\17286\AppData\Local\Microsoft\WindowsApps;C:\Users\17286\AppData\Local\atom\bin;C:\Users\17286\AppData\Roaming\Composer\vendor\bin;;C:\Users\17286\AppData\Local\Programs\Fiddler;D:\VisualStudioCode\Microsoft VS Code\bin;C:\Users\17286\AppData\Local\Microsoft\WindowsApps;C:\Users\17286\AppData\Roaming\npm;D:\nmap;.]
2019-03-03 01:30:01.765  INFO 25452 --- [main] o.a.c.c.C.[Tomcat].[localhost].[/]       : Initializing Spring embedded WebApplicationContext
2019-03-03 01:30:03.359  INFO 25452 --- [main] com.dtb.DtbApplication                   : Started DtbApplication in 7.39 seconds (JVM running for 8.245)
2019-03-03 01:30:08.256  INFO 25452 --- [http-nio-8080-exec-1] o.a.c.c.C.[Tomcat].[localhost].[/]       : Initializing Spring DispatcherServlet 'dispatcherServlet'
