2019-03-03 11:24:31.363  INFO 13532 --- [main] com.dtb.DtbApplication                   : Starting DtbApplication on 祝飞鸿 with PID 13532 (D:\IntelliJ+IDEA+2017\SpringBootProjects\dtb\target\classes started by 飞鸿 in D:\IntelliJ+IDEA+2017\SpringBootProjects\dtb)
2019-03-03 11:24:31.365  INFO 13532 --- [main] com.dtb.DtbApplication                   : No active profile set, falling back to default profiles: default
2019-03-03 11:24:34.341  INFO 13532 --- [main] o.apache.catalina.core.StandardService   : Starting service [Tomcat]
2019-03-03 11:24:34.341  INFO 13532 --- [main] org.apache.catalina.core.StandardEngine  : Starting Servlet engine: [Apache Tomcat/9.0.16]
2019-03-03 11:24:34.348  INFO 13532 --- [main] o.a.catalina.core.AprLifecycleListener   : The APR based Apache Tomcat Native library which allows optimal performance in production environments was not found on the java.library.path: [D:\JDK\bin;C:\WINDOWS\Sun\Java\bin;C:\WINDOWS\system32;C:\WINDOWS;C:\Program Files (x86)\Java\jdk1.8.0_172\bin;C:\Program Files (x86)\Java\jdk1.8.0_172\jre\bin;C:\ProgramData\Oracle\Java\javapath;C:\WINDOWS\system32;C:\WINDOWS;C:\WINDOWS\System32\Wbem;C:\WINDOWS\System32\WindowsPowerShell\v1.0\;C:\Program Files (x86)\MySQL\MySQL Server 5.1\bin\;D:\WAMPServer\wamp64\bin\php\php5.6.31\php.exe;D:\Maven\apache-maven-3.6.0\bin;D:\WAMPServer\wamp64\bin\php\php7.1.9;C:\ProgramData\ComposerSetup\bin;C:\Program Files\PuTTY\;C:\Program Files (x86)\QuickTime\QTSystem\;C:\Program Files\dotnet\;C:\Program Files\Microsoft SQL Server\130\Tools\Binn\;C:\WINDOWS\System32\OpenSSH\;D:\Git\Git\cmd;C:\Program Files\TortoiseSVN\bin;D:\Node\;D:\MySql\mysql-8.0.12-winx64\bin;C:\Users\17286\AppData\Local\Microsoft\WindowsApps;C:\Users\17286\AppData\Local\atom\bin;C:\Users\17286\AppData\Roaming\Composer\vendor\bin;;C:\Users\17286\AppData\Local\Programs\Fiddler;D:\VisualStudioCode\Microsoft VS Code\bin;C:\Users\17286\AppData\Local\Microsoft\WindowsApps;C:\Users\17286\AppData\Roaming\npm;D:\nmap;.]
2019-03-03 11:24:34.489  INFO 13532 --- [main] o.a.c.c.C.[Tomcat].[localhost].[/]       : Initializing Spring embedded WebApplicationContext
2019-03-03 11:24:35.392  INFO 13532 --- [main] com.dtb.DtbApplication                   : Started DtbApplication in 4.445 seconds (JVM running for 5.026)
2019-03-03 11:25:25.916  INFO 12308 --- [main] com.dtb.DtbApplication                   : Starting DtbApplication on 祝飞鸿 with PID 12308 (D:\IntelliJ+IDEA+2017\SpringBootProjects\dtb\target\classes started by 飞鸿 in D:\IntelliJ+IDEA+2017\SpringBootProjects\dtb)
2019-03-03 11:25:25.918  INFO 12308 --- [main] com.dtb.DtbApplication                   : No active profile set, falling back to default profiles: default
2019-03-03 11:25:28.733  INFO 12308 --- [main] o.apache.catalina.core.StandardService   : Starting service [Tomcat]
2019-03-03 11:25:28.733  INFO 12308 --- [main] org.apache.catalina.core.StandardEngine  : Starting Servlet engine: [Apache Tomcat/9.0.16]
2019-03-03 11:25:28.739  INFO 12308 --- [main] o.a.catalina.core.AprLifecycleListener   : The APR based Apache Tomcat Native library which allows optimal performance in production environments was not found on the java.library.path: [D:\JDK\bin;C:\WINDOWS\Sun\Java\bin;C:\WINDOWS\system32;C:\WINDOWS;C:\Program Files (x86)\Java\jdk1.8.0_172\bin;C:\Program Files (x86)\Java\jdk1.8.0_172\jre\bin;C:\ProgramData\Oracle\Java\javapath;C:\WINDOWS\system32;C:\WINDOWS;C:\WINDOWS\System32\Wbem;C:\WINDOWS\System32\WindowsPowerShell\v1.0\;C:\Program Files (x86)\MySQL\MySQL Server 5.1\bin\;D:\WAMPServer\wamp64\bin\php\php5.6.31\php.exe;D:\Maven\apache-maven-3.6.0\bin;D:\WAMPServer\wamp64\bin\php\php7.1.9;C:\ProgramData\ComposerSetup\bin;C:\Program Files\PuTTY\;C:\Program Files (x86)\QuickTime\QTSystem\;C:\Program Files\dotnet\;C:\Program Files\Microsoft SQL Server\130\Tools\Binn\;C:\WINDOWS\System32\OpenSSH\;D:\Git\Git\cmd;C:\Program Files\TortoiseSVN\bin;D:\Node\;D:\MySql\mysql-8.0.12-winx64\bin;C:\Users\17286\AppData\Local\Microsoft\WindowsApps;C:\Users\17286\AppData\Local\atom\bin;C:\Users\17286\AppData\Roaming\Composer\vendor\bin;;C:\Users\17286\AppData\Local\Programs\Fiddler;D:\VisualStudioCode\Microsoft VS Code\bin;C:\Users\17286\AppData\Local\Microsoft\WindowsApps;C:\Users\17286\AppData\Roaming\npm;D:\nmap;.]
2019-03-03 11:25:28.864  INFO 12308 --- [main] o.a.c.c.C.[Tomcat].[localhost].[/]       : Initializing Spring embedded WebApplicationContext
2019-03-03 11:25:29.745  INFO 12308 --- [main] com.dtb.DtbApplication                   : Started DtbApplication in 4.24 seconds (JVM running for 4.865)
2019-03-03 11:27:02.526  INFO 12308 --- [http-nio-8080-exec-1] o.a.c.c.C.[Tomcat].[localhost].[/]       : Initializing Spring DispatcherServlet 'dispatcherServlet'
2019-03-03 11:28:28.686  INFO 27316 --- [main] com.dtb.DtbApplication                   : Starting DtbApplication on 祝飞鸿 with PID 27316 (D:\IntelliJ+IDEA+2017\SpringBootProjects\dtb\target\classes started by 飞鸿 in D:\IntelliJ+IDEA+2017\SpringBootProjects\dtb)
2019-03-03 11:28:28.696  INFO 27316 --- [main] com.dtb.DtbApplication                   : No active profile set, falling back to default profiles: default
2019-03-03 11:28:35.092  INFO 27316 --- [main] o.apache.catalina.core.StandardService   : Starting service [Tomcat]
2019-03-03 11:28:35.095  INFO 27316 --- [main] org.apache.catalina.core.StandardEngine  : Starting Servlet engine: [Apache Tomcat/9.0.16]
2019-03-03 11:28:35.117  INFO 27316 --- [main] o.a.catalina.core.AprLifecycleListener   : The APR based Apache Tomcat Native library which allows optimal performance in production environments was not found on the java.library.path: [D:\JDK\bin;C:\WINDOWS\Sun\Java\bin;C:\WINDOWS\system32;C:\WINDOWS;C:\Program Files (x86)\Java\jdk1.8.0_172\bin;C:\Program Files (x86)\Java\jdk1.8.0_172\jre\bin;C:\ProgramData\Oracle\Java\javapath;C:\WINDOWS\system32;C:\WINDOWS;C:\WINDOWS\System32\Wbem;C:\WINDOWS\System32\WindowsPowerShell\v1.0\;C:\Program Files (x86)\MySQL\MySQL Server 5.1\bin\;D:\WAMPServer\wamp64\bin\php\php5.6.31\php.exe;D:\Maven\apache-maven-3.6.0\bin;D:\WAMPServer\wamp64\bin\php\php7.1.9;C:\ProgramData\ComposerSetup\bin;C:\Program Files\PuTTY\;C:\Program Files (x86)\QuickTime\QTSystem\;C:\Program Files\dotnet\;C:\Program Files\Microsoft SQL Server\130\Tools\Binn\;C:\WINDOWS\System32\OpenSSH\;D:\Git\Git\cmd;C:\Program Files\TortoiseSVN\bin;D:\Node\;D:\MySql\mysql-8.0.12-winx64\bin;C:\Users\17286\AppData\Local\Microsoft\WindowsApps;C:\Users\17286\AppData\Local\atom\bin;C:\Users\17286\AppData\Roaming\Composer\vendor\bin;;C:\Users\17286\AppData\Local\Programs\Fiddler;D:\VisualStudioCode\Microsoft VS Code\bin;C:\Users\17286\AppData\Local\Microsoft\WindowsApps;C:\Users\17286\AppData\Roaming\npm;D:\nmap;.]
2019-03-03 11:28:35.422  INFO 27316 --- [main] o.a.c.c.C.[Tomcat].[localhost].[/]       : Initializing Spring embedded WebApplicationContext
2019-03-03 11:28:37.745  INFO 27316 --- [main] com.dtb.DtbApplication                   : Started DtbApplication in 10.036 seconds (JVM running for 11.405)
2019-03-03 11:29:31.648  INFO 27316 --- [http-nio-8080-exec-1] o.a.c.c.C.[Tomcat].[localhost].[/]       : Initializing Spring DispatcherServlet 'dispatcherServlet'
2019-03-03 15:08:03.257  INFO 25864 --- [main] com.dtb.DtbApplication                   : Starting DtbApplication on 祝飞鸿 with PID 25864 (D:\IntelliJ+IDEA+2017\SpringBootProjects\dtb\target\classes started by 飞鸿 in D:\IntelliJ+IDEA+2017\SpringBootProjects\dtb)
2019-03-03 15:08:03.260  INFO 25864 --- [main] com.dtb.DtbApplication                   : No active profile set, falling back to default profiles: default
2019-03-03 15:08:06.048  INFO 25864 --- [main] o.apache.catalina.core.StandardService   : Starting service [Tomcat]
2019-03-03 15:08:06.048  INFO 25864 --- [main] org.apache.catalina.core.StandardEngine  : Starting Servlet engine: [Apache Tomcat/9.0.16]
2019-03-03 15:08:06.055  INFO 25864 --- [main] o.a.catalina.core.AprLifecycleListener   : The APR based Apache Tomcat Native library which allows optimal performance in production environments was not found on the java.library.path: [D:\JDK\bin;C:\WINDOWS\Sun\Java\bin;C:\WINDOWS\system32;C:\WINDOWS;C:\Program Files (x86)\Java\jdk1.8.0_172\bin;C:\Program Files (x86)\Java\jdk1.8.0_172\jre\bin;C:\ProgramData\Oracle\Java\javapath;C:\WINDOWS\system32;C:\WINDOWS;C:\WINDOWS\System32\Wbem;C:\WINDOWS\System32\WindowsPowerShell\v1.0\;C:\Program Files (x86)\MySQL\MySQL Server 5.1\bin\;D:\WAMPServer\wamp64\bin\php\php5.6.31\php.exe;D:\Maven\apache-maven-3.6.0\bin;D:\WAMPServer\wamp64\bin\php\php7.1.9;C:\ProgramData\ComposerSetup\bin;C:\Program Files\PuTTY\;C:\Program Files (x86)\QuickTime\QTSystem\;C:\Program Files\dotnet\;C:\Program Files\Microsoft SQL Server\130\Tools\Binn\;C:\WINDOWS\System32\OpenSSH\;D:\Git\Git\cmd;C:\Program Files\TortoiseSVN\bin;D:\Node\;D:\MySql\mysql-8.0.12-winx64\bin;C:\Users\17286\AppData\Local\Microsoft\WindowsApps;C:\Users\17286\AppData\Local\atom\bin;C:\Users\17286\AppData\Roaming\Composer\vendor\bin;;C:\Users\17286\AppData\Local\Programs\Fiddler;D:\VisualStudioCode\Microsoft VS Code\bin;C:\Users\17286\AppData\Local\Microsoft\WindowsApps;C:\Users\17286\AppData\Roaming\npm;D:\nmap;.]
2019-03-03 15:08:06.181  INFO 25864 --- [main] o.a.c.c.C.[Tomcat].[localhost].[/]       : Initializing Spring embedded WebApplicationContext
2019-03-03 15:08:07.111  INFO 25864 --- [main] com.dtb.DtbApplication                   : Started DtbApplication in 4.282 seconds (JVM running for 4.942)
2019-03-03 15:08:21.423  INFO 25864 --- [http-nio-8080-exec-1] o.a.c.c.C.[Tomcat].[localhost].[/]       : Initializing Spring DispatcherServlet 'dispatcherServlet'
2019-03-03 16:01:09.504  INFO 24224 --- [main] com.dtb.DtbApplication                   : Starting DtbApplication on 祝飞鸿 with PID 24224 (D:\IntelliJ+IDEA+2017\SpringBootProjects\dtb\target\classes started by 飞鸿 in D:\IntelliJ+IDEA+2017\SpringBootProjects\dtb)
2019-03-03 16:01:09.507  INFO 24224 --- [main] com.dtb.DtbApplication                   : No active profile set, falling back to default profiles: default
2019-03-03 16:01:12.361  INFO 24224 --- [main] o.apache.catalina.core.StandardService   : Starting service [Tomcat]
2019-03-03 16:01:12.362  INFO 24224 --- [main] org.apache.catalina.core.StandardEngine  : Starting Servlet engine: [Apache Tomcat/9.0.16]
2019-03-03 16:01:12.367  INFO 24224 --- [main] o.a.catalina.core.AprLifecycleListener   : The APR based Apache Tomcat Native library which allows optimal performance in production environments was not found on the java.library.path: [D:\JDK\bin;C:\WINDOWS\Sun\Java\bin;C:\WINDOWS\system32;C:\WINDOWS;C:\Program Files (x86)\Java\jdk1.8.0_172\bin;C:\Program Files (x86)\Java\jdk1.8.0_172\jre\bin;C:\ProgramData\Oracle\Java\javapath;C:\WINDOWS\system32;C:\WINDOWS;C:\WINDOWS\System32\Wbem;C:\WINDOWS\System32\WindowsPowerShell\v1.0\;C:\Program Files (x86)\MySQL\MySQL Server 5.1\bin\;D:\WAMPServer\wamp64\bin\php\php5.6.31\php.exe;D:\Maven\apache-maven-3.6.0\bin;D:\WAMPServer\wamp64\bin\php\php7.1.9;C:\ProgramData\ComposerSetup\bin;C:\Program Files\PuTTY\;C:\Program Files (x86)\QuickTime\QTSystem\;C:\Program Files\dotnet\;C:\Program Files\Microsoft SQL Server\130\Tools\Binn\;C:\WINDOWS\System32\OpenSSH\;D:\Git\Git\cmd;C:\Program Files\TortoiseSVN\bin;D:\Node\;D:\MySql\mysql-8.0.12-winx64\bin;C:\Users\17286\AppData\Local\Microsoft\WindowsApps;C:\Users\17286\AppData\Local\atom\bin;C:\Users\17286\AppData\Roaming\Composer\vendor\bin;;C:\Users\17286\AppData\Local\Programs\Fiddler;D:\VisualStudioCode\Microsoft VS Code\bin;C:\Users\17286\AppData\Local\Microsoft\WindowsApps;C:\Users\17286\AppData\Roaming\npm;D:\nmap;.]
2019-03-03 16:01:12.489  INFO 24224 --- [main] o.a.c.c.C.[Tomcat].[localhost].[/]       : Initializing Spring embedded WebApplicationContext
2019-03-03 16:01:13.398  INFO 24224 --- [main] com.dtb.DtbApplication                   : Started DtbApplication in 4.332 seconds (JVM running for 4.934)
2019-03-03 16:01:17.520  INFO 24224 --- [http-nio-8080-exec-1] o.a.c.c.C.[Tomcat].[localhost].[/]       : Initializing Spring DispatcherServlet 'dispatcherServlet'
2019-03-03 16:06:23.193  INFO 12868 --- [main] com.dtb.DtbApplication                   : Starting DtbApplication on 祝飞鸿 with PID 12868 (D:\IntelliJ+IDEA+2017\SpringBootProjects\dtb\target\classes started by 飞鸿 in D:\IntelliJ+IDEA+2017\SpringBootProjects\dtb)
2019-03-03 16:06:23.196  INFO 12868 --- [main] com.dtb.DtbApplication                   : No active profile set, falling back to default profiles: default
2019-03-03 16:06:26.076  INFO 12868 --- [main] o.apache.catalina.core.StandardService   : Starting service [Tomcat]
2019-03-03 16:06:26.077  INFO 12868 --- [main] org.apache.catalina.core.StandardEngine  : Starting Servlet engine: [Apache Tomcat/9.0.16]
2019-03-03 16:06:26.084  INFO 12868 --- [main] o.a.catalina.core.AprLifecycleListener   : The APR based Apache Tomcat Native library which allows optimal performance in production environments was not found on the java.library.path: [D:\JDK\bin;C:\WINDOWS\Sun\Java\bin;C:\WINDOWS\system32;C:\WINDOWS;C:\Program Files (x86)\Java\jdk1.8.0_172\bin;C:\Program Files (x86)\Java\jdk1.8.0_172\jre\bin;C:\ProgramData\Oracle\Java\javapath;C:\WINDOWS\system32;C:\WINDOWS;C:\WINDOWS\System32\Wbem;C:\WINDOWS\System32\WindowsPowerShell\v1.0\;C:\Program Files (x86)\MySQL\MySQL Server 5.1\bin\;D:\WAMPServer\wamp64\bin\php\php5.6.31\php.exe;D:\Maven\apache-maven-3.6.0\bin;D:\WAMPServer\wamp64\bin\php\php7.1.9;C:\ProgramData\ComposerSetup\bin;C:\Program Files\PuTTY\;C:\Program Files (x86)\QuickTime\QTSystem\;C:\Program Files\dotnet\;C:\Program Files\Microsoft SQL Server\130\Tools\Binn\;C:\WINDOWS\System32\OpenSSH\;D:\Git\Git\cmd;C:\Program Files\TortoiseSVN\bin;D:\Node\;D:\MySql\mysql-8.0.12-winx64\bin;C:\Users\17286\AppData\Local\Microsoft\WindowsApps;C:\Users\17286\AppData\Local\atom\bin;C:\Users\17286\AppData\Roaming\Composer\vendor\bin;;C:\Users\17286\AppData\Local\Programs\Fiddler;D:\VisualStudioCode\Microsoft VS Code\bin;C:\Users\17286\AppData\Local\Microsoft\WindowsApps;C:\Users\17286\AppData\Roaming\npm;D:\nmap;.]
2019-03-03 16:06:26.210  INFO 12868 --- [main] o.a.c.c.C.[Tomcat].[localhost].[/]       : Initializing Spring embedded WebApplicationContext
2019-03-03 16:06:27.130  INFO 12868 --- [main] com.dtb.DtbApplication                   : Started DtbApplication in 4.407 seconds (JVM running for 5.107)
2019-03-03 16:06:30.358  INFO 12868 --- [http-nio-8080-exec-1] o.a.c.c.C.[Tomcat].[localhost].[/]       : Initializing Spring DispatcherServlet 'dispatcherServlet'
2019-03-03 16:13:40.414  INFO 22164 --- [main] com.dtb.DtbApplication                   : Starting DtbApplication on 祝飞鸿 with PID 22164 (D:\IntelliJ+IDEA+2017\SpringBootProjects\dtb\target\classes started by 飞鸿 in D:\IntelliJ+IDEA+2017\SpringBootProjects\dtb)
2019-03-03 16:13:40.417  INFO 22164 --- [main] com.dtb.DtbApplication                   : No active profile set, falling back to default profiles: default
2019-03-03 16:13:43.222  INFO 22164 --- [main] o.apache.catalina.core.StandardService   : Starting service [Tomcat]
2019-03-03 16:13:43.223  INFO 22164 --- [main] org.apache.catalina.core.StandardEngine  : Starting Servlet engine: [Apache Tomcat/9.0.16]
2019-03-03 16:13:43.230  INFO 22164 --- [main] o.a.catalina.core.AprLifecycleListener   : The APR based Apache Tomcat Native library which allows optimal performance in production environments was not found on the java.library.path: [D:\JDK\bin;C:\WINDOWS\Sun\Java\bin;C:\WINDOWS\system32;C:\WINDOWS;C:\Program Files (x86)\Java\jdk1.8.0_172\bin;C:\Program Files (x86)\Java\jdk1.8.0_172\jre\bin;C:\ProgramData\Oracle\Java\javapath;C:\WINDOWS\system32;C:\WINDOWS;C:\WINDOWS\System32\Wbem;C:\WINDOWS\System32\WindowsPowerShell\v1.0\;C:\Program Files (x86)\MySQL\MySQL Server 5.1\bin\;D:\WAMPServer\wamp64\bin\php\php5.6.31\php.exe;D:\Maven\apache-maven-3.6.0\bin;D:\WAMPServer\wamp64\bin\php\php7.1.9;C:\ProgramData\ComposerSetup\bin;C:\Program Files\PuTTY\;C:\Program Files (x86)\QuickTime\QTSystem\;C:\Program Files\dotnet\;C:\Program Files\Microsoft SQL Server\130\Tools\Binn\;C:\WINDOWS\System32\OpenSSH\;D:\Git\Git\cmd;C:\Program Files\TortoiseSVN\bin;D:\Node\;D:\MySql\mysql-8.0.12-winx64\bin;C:\Users\17286\AppData\Local\Microsoft\WindowsApps;C:\Users\17286\AppData\Local\atom\bin;C:\Users\17286\AppData\Roaming\Composer\vendor\bin;;C:\Users\17286\AppData\Local\Programs\Fiddler;D:\VisualStudioCode\Microsoft VS Code\bin;C:\Users\17286\AppData\Local\Microsoft\WindowsApps;C:\Users\17286\AppData\Roaming\npm;D:\nmap;.]
2019-03-03 16:13:43.366  INFO 22164 --- [main] o.a.c.c.C.[Tomcat].[localhost].[/]       : Initializing Spring embedded WebApplicationContext
2019-03-03 16:13:44.268  INFO 22164 --- [main] com.dtb.DtbApplication                   : Started DtbApplication in 4.291 seconds (JVM running for 4.985)
2019-03-03 16:13:52.945  INFO 22164 --- [http-nio-8080-exec-1] o.a.c.c.C.[Tomcat].[localhost].[/]       : Initializing Spring DispatcherServlet 'dispatcherServlet'
2019-03-03 16:14:00.724  INFO 22164 --- [http-nio-8080-exec-3] com.zaxxer.hikari.HikariDataSource       : HikariPool-1 - Starting...
2019-03-03 16:14:01.031  INFO 22164 --- [http-nio-8080-exec-3] com.zaxxer.hikari.HikariDataSource       : HikariPool-1 - Start completed.
2019-03-03 16:14:29.691  INFO 11624 --- [main] com.dtb.DtbApplication                   : Starting DtbApplication on 祝飞鸿 with PID 11624 (D:\IntelliJ+IDEA+2017\SpringBootProjects\dtb\target\classes started by 飞鸿 in D:\IntelliJ+IDEA+2017\SpringBootProjects\dtb)
2019-03-03 16:14:29.694  INFO 11624 --- [main] com.dtb.DtbApplication                   : No active profile set, falling back to default profiles: default
2019-03-03 16:14:32.745  INFO 11624 --- [main] o.apache.catalina.core.StandardService   : Starting service [Tomcat]
2019-03-03 16:14:32.745  INFO 11624 --- [main] org.apache.catalina.core.StandardEngine  : Starting Servlet engine: [Apache Tomcat/9.0.16]
2019-03-03 16:14:32.754  INFO 11624 --- [main] o.a.catalina.core.AprLifecycleListener   : The APR based Apache Tomcat Native library which allows optimal performance in production environments was not found on the java.library.path: [D:\JDK\bin;C:\WINDOWS\Sun\Java\bin;C:\WINDOWS\system32;C:\WINDOWS;C:\Program Files (x86)\Java\jdk1.8.0_172\bin;C:\Program Files (x86)\Java\jdk1.8.0_172\jre\bin;C:\ProgramData\Oracle\Java\javapath;C:\WINDOWS\system32;C:\WINDOWS;C:\WINDOWS\System32\Wbem;C:\WINDOWS\System32\WindowsPowerShell\v1.0\;C:\Program Files (x86)\MySQL\MySQL Server 5.1\bin\;D:\WAMPServer\wamp64\bin\php\php5.6.31\php.exe;D:\Maven\apache-maven-3.6.0\bin;D:\WAMPServer\wamp64\bin\php\php7.1.9;C:\ProgramData\ComposerSetup\bin;C:\Program Files\PuTTY\;C:\Program Files (x86)\QuickTime\QTSystem\;C:\Program Files\dotnet\;C:\Program Files\Microsoft SQL Server\130\Tools\Binn\;C:\WINDOWS\System32\OpenSSH\;D:\Git\Git\cmd;C:\Program Files\TortoiseSVN\bin;D:\Node\;D:\MySql\mysql-8.0.12-winx64\bin;C:\Users\17286\AppData\Local\Microsoft\WindowsApps;C:\Users\17286\AppData\Local\atom\bin;C:\Users\17286\AppData\Roaming\Composer\vendor\bin;;C:\Users\17286\AppData\Local\Programs\Fiddler;D:\VisualStudioCode\Microsoft VS Code\bin;C:\Users\17286\AppData\Local\Microsoft\WindowsApps;C:\Users\17286\AppData\Roaming\npm;D:\nmap;.]
2019-03-03 16:14:32.907  INFO 11624 --- [main] o.a.c.c.C.[Tomcat].[localhost].[/]       : Initializing Spring embedded WebApplicationContext
2019-03-03 16:14:34.064  INFO 11624 --- [main] com.dtb.DtbApplication                   : Started DtbApplication in 4.95 seconds (JVM running for 5.725)
2019-03-03 16:14:34.302  INFO 11624 --- [http-nio-8080-exec-1] o.a.c.c.C.[Tomcat].[localhost].[/]       : Initializing Spring DispatcherServlet 'dispatcherServlet'
2019-03-03 16:14:41.882  INFO 11624 --- [http-nio-8080-exec-5] com.zaxxer.hikari.HikariDataSource       : HikariPool-1 - Starting...
2019-03-03 16:14:42.142  INFO 11624 --- [http-nio-8080-exec-5] com.zaxxer.hikari.HikariDataSource       : HikariPool-1 - Start completed.
2019-03-03 17:07:23.836  INFO 13120 --- [main] com.dtb.GradeServiceTest                 : Starting GradeServiceTest on 祝飞鸿 with PID 13120 (started by 飞鸿 in D:\IntelliJ+IDEA+2017\SpringBootProjects\dtb)
2019-03-03 17:07:23.840  INFO 13120 --- [main] com.dtb.GradeServiceTest                 : No active profile set, falling back to default profiles: default
2019-03-03 17:07:30.575  INFO 13120 --- [main] com.dtb.GradeServiceTest                 : Started GradeServiceTest in 7.449 seconds (JVM running for 9.6)
2019-03-03 17:07:31.003  INFO 13120 --- [main] com.zaxxer.hikari.HikariDataSource       : HikariPool-1 - Starting...
2019-03-03 17:07:31.427  INFO 13120 --- [main] com.zaxxer.hikari.HikariDataSource       : HikariPool-1 - Start completed.
2019-03-03 17:07:31.563  INFO 13120 --- [Thread-2] com.zaxxer.hikari.HikariDataSource       : HikariPool-1 - Shutdown initiated...
2019-03-03 17:07:31.590  INFO 13120 --- [Thread-2] com.zaxxer.hikari.HikariDataSource       : HikariPool-1 - Shutdown completed.
2019-03-03 17:12:48.675  INFO 20836 --- [main] com.dtb.GradeServiceTest                 : Starting GradeServiceTest on 祝飞鸿 with PID 20836 (started by 飞鸿 in D:\IntelliJ+IDEA+2017\SpringBootProjects\dtb)
2019-03-03 17:12:48.677  INFO 20836 --- [main] com.dtb.GradeServiceTest                 : No active profile set, falling back to default profiles: default
2019-03-03 17:12:54.723  INFO 20836 --- [main] com.dtb.GradeServiceTest                 : Started GradeServiceTest in 6.64 seconds (JVM running for 8.331)
2019-03-03 17:12:55.110  INFO 20836 --- [main] com.zaxxer.hikari.HikariDataSource       : HikariPool-1 - Starting...
2019-03-03 17:12:55.385  INFO 20836 --- [main] com.zaxxer.hikari.HikariDataSource       : HikariPool-1 - Start completed.
2019-03-03 17:12:55.476  INFO 20836 --- [Thread-2] com.zaxxer.hikari.HikariDataSource       : HikariPool-1 - Shutdown initiated...
2019-03-03 17:12:55.481  INFO 20836 --- [Thread-2] com.zaxxer.hikari.HikariDataSource       : HikariPool-1 - Shutdown completed.
2019-03-03 17:13:34.558  INFO 27240 --- [main] com.dtb.GradeServiceTest                 : Starting GradeServiceTest on 祝飞鸿 with PID 27240 (started by 飞鸿 in D:\IntelliJ+IDEA+2017\SpringBootProjects\dtb)
2019-03-03 17:13:34.562  INFO 27240 --- [main] com.dtb.GradeServiceTest                 : No active profile set, falling back to default profiles: default
2019-03-03 17:13:40.550  INFO 27240 --- [main] com.dtb.GradeServiceTest                 : Started GradeServiceTest in 6.579 seconds (JVM running for 8.271)
2019-03-03 17:13:40.916  INFO 27240 --- [main] com.zaxxer.hikari.HikariDataSource       : HikariPool-1 - Starting...
2019-03-03 17:13:41.237  INFO 27240 --- [main] com.zaxxer.hikari.HikariDataSource       : HikariPool-1 - Start completed.
2019-03-03 17:13:41.328  INFO 27240 --- [Thread-2] com.zaxxer.hikari.HikariDataSource       : HikariPool-1 - Shutdown initiated...
2019-03-03 17:13:41.333  INFO 27240 --- [Thread-2] com.zaxxer.hikari.HikariDataSource       : HikariPool-1 - Shutdown completed.
2019-03-03 17:15:35.894  INFO 6136 --- [main] com.dtb.SubjectServiceTest               : Starting SubjectServiceTest on 祝飞鸿 with PID 6136 (started by 飞鸿 in D:\IntelliJ+IDEA+2017\SpringBootProjects\dtb)
2019-03-03 17:15:35.898  INFO 6136 --- [main] com.dtb.SubjectServiceTest               : No active profile set, falling back to default profiles: default
2019-03-03 17:15:42.001  INFO 6136 --- [main] com.dtb.SubjectServiceTest               : Started SubjectServiceTest in 6.802 seconds (JVM running for 8.504)
2019-03-03 17:15:42.416  INFO 6136 --- [main] com.zaxxer.hikari.HikariDataSource       : HikariPool-1 - Starting...
2019-03-03 17:15:42.713  INFO 6136 --- [main] com.zaxxer.hikari.HikariDataSource       : HikariPool-1 - Start completed.
2019-03-03 17:15:42.848  INFO 6136 --- [Thread-2] com.zaxxer.hikari.HikariDataSource       : HikariPool-1 - Shutdown initiated...
2019-03-03 17:15:42.858  INFO 6136 --- [Thread-2] com.zaxxer.hikari.HikariDataSource       : HikariPool-1 - Shutdown completed.
2019-03-03 17:15:52.978  INFO 23480 --- [main] com.dtb.SubjectServiceTest               : Starting SubjectServiceTest on 祝飞鸿 with PID 23480 (started by 飞鸿 in D:\IntelliJ+IDEA+2017\SpringBootProjects\dtb)
2019-03-03 17:15:52.982  INFO 23480 --- [main] com.dtb.SubjectServiceTest               : No active profile set, falling back to default profiles: default
2019-03-03 17:15:59.016  INFO 23480 --- [main] com.dtb.SubjectServiceTest               : Started SubjectServiceTest in 6.754 seconds (JVM running for 8.544)
2019-03-03 17:15:59.520  INFO 23480 --- [main] com.zaxxer.hikari.HikariDataSource       : HikariPool-1 - Starting...
2019-03-03 17:15:59.922  INFO 23480 --- [main] com.zaxxer.hikari.HikariDataSource       : HikariPool-1 - Start completed.
2019-03-03 17:16:00.069  INFO 23480 --- [Thread-2] com.zaxxer.hikari.HikariDataSource       : HikariPool-1 - Shutdown initiated...
2019-03-03 17:16:00.078  INFO 23480 --- [Thread-2] com.zaxxer.hikari.HikariDataSource       : HikariPool-1 - Shutdown completed.
2019-03-03 17:26:49.206  INFO 22220 --- [main] com.dtb.DtbApplication                   : Starting DtbApplication on 祝飞鸿 with PID 22220 (D:\IntelliJ+IDEA+2017\SpringBootProjects\dtb\target\classes started by 飞鸿 in D:\IntelliJ+IDEA+2017\SpringBootProjects\dtb)
2019-03-03 17:26:49.210  INFO 22220 --- [main] com.dtb.DtbApplication                   : No active profile set, falling back to default profiles: default
2019-03-03 17:26:53.471  INFO 22220 --- [main] o.apache.catalina.core.StandardService   : Starting service [Tomcat]
2019-03-03 17:26:53.472  INFO 22220 --- [main] org.apache.catalina.core.StandardEngine  : Starting Servlet engine: [Apache Tomcat/9.0.16]
2019-03-03 17:26:53.483  INFO 22220 --- [main] o.a.catalina.core.AprLifecycleListener   : The APR based Apache Tomcat Native library which allows optimal performance in production environments was not found on the java.library.path: [D:\JDK\bin;C:\WINDOWS\Sun\Java\bin;C:\WINDOWS\system32;C:\WINDOWS;C:\Program Files (x86)\Java\jdk1.8.0_172\bin;C:\Program Files (x86)\Java\jdk1.8.0_172\jre\bin;C:\ProgramData\Oracle\Java\javapath;C:\WINDOWS\system32;C:\WINDOWS;C:\WINDOWS\System32\Wbem;C:\WINDOWS\System32\WindowsPowerShell\v1.0\;C:\Program Files (x86)\MySQL\MySQL Server 5.1\bin\;D:\WAMPServer\wamp64\bin\php\php5.6.31\php.exe;D:\Maven\apache-maven-3.6.0\bin;D:\WAMPServer\wamp64\bin\php\php7.1.9;C:\ProgramData\ComposerSetup\bin;C:\Program Files\PuTTY\;C:\Program Files (x86)\QuickTime\QTSystem\;C:\Program Files\dotnet\;C:\Program Files\Microsoft SQL Server\130\Tools\Binn\;C:\WINDOWS\System32\OpenSSH\;D:\Git\Git\cmd;C:\Program Files\TortoiseSVN\bin;D:\Node\;D:\MySql\mysql-8.0.12-winx64\bin;C:\Users\17286\AppData\Local\Microsoft\WindowsApps;C:\Users\17286\AppData\Local\atom\bin;C:\Users\17286\AppData\Roaming\Composer\vendor\bin;;C:\Users\17286\AppData\Local\Programs\Fiddler;D:\VisualStudioCode\Microsoft VS Code\bin;C:\Users\17286\AppData\Local\Microsoft\WindowsApps;C:\Users\17286\AppData\Roaming\npm;D:\nmap;.]
2019-03-03 17:26:53.707  INFO 22220 --- [main] o.a.c.c.C.[Tomcat].[localhost].[/]       : Initializing Spring embedded WebApplicationContext
2019-03-03 17:26:55.051  INFO 22220 --- [main] com.dtb.DtbApplication                   : Started DtbApplication in 6.44 seconds (JVM running for 7.221)
2019-03-03 17:26:56.680  INFO 22220 --- [http-nio-8080-exec-1] o.a.c.c.C.[Tomcat].[localhost].[/]       : Initializing Spring DispatcherServlet 'dispatcherServlet'
2019-03-03 17:29:08.489  INFO 12804 --- [main] com.dtb.DtbApplication                   : Starting DtbApplication on 祝飞鸿 with PID 12804 (D:\IntelliJ+IDEA+2017\SpringBootProjects\dtb\target\classes started by 飞鸿 in D:\IntelliJ+IDEA+2017\SpringBootProjects\dtb)
2019-03-03 17:29:08.493  INFO 12804 --- [main] com.dtb.DtbApplication                   : No active profile set, falling back to default profiles: default
2019-03-03 17:29:12.720  INFO 12804 --- [main] o.apache.catalina.core.StandardService   : Starting service [Tomcat]
2019-03-03 17:29:12.721  INFO 12804 --- [main] org.apache.catalina.core.StandardEngine  : Starting Servlet engine: [Apache Tomcat/9.0.16]
2019-03-03 17:29:12.730  INFO 12804 --- [main] o.a.catalina.core.AprLifecycleListener   : The APR based Apache Tomcat Native library which allows optimal performance in production environments was not found on the java.library.path: [D:\JDK\bin;C:\WINDOWS\Sun\Java\bin;C:\WINDOWS\system32;C:\WINDOWS;C:\Program Files (x86)\Java\jdk1.8.0_172\bin;C:\Program Files (x86)\Java\jdk1.8.0_172\jre\bin;C:\ProgramData\Oracle\Java\javapath;C:\WINDOWS\system32;C:\WINDOWS;C:\WINDOWS\System32\Wbem;C:\WINDOWS\System32\WindowsPowerShell\v1.0\;C:\Program Files (x86)\MySQL\MySQL Server 5.1\bin\;D:\WAMPServer\wamp64\bin\php\php5.6.31\php.exe;D:\Maven\apache-maven-3.6.0\bin;D:\WAMPServer\wamp64\bin\php\php7.1.9;C:\ProgramData\ComposerSetup\bin;C:\Program Files\PuTTY\;C:\Program Files (x86)\QuickTime\QTSystem\;C:\Program Files\dotnet\;C:\Program Files\Microsoft SQL Server\130\Tools\Binn\;C:\WINDOWS\System32\OpenSSH\;D:\Git\Git\cmd;C:\Program Files\TortoiseSVN\bin;D:\Node\;D:\MySql\mysql-8.0.12-winx64\bin;C:\Users\17286\AppData\Local\Microsoft\WindowsApps;C:\Users\17286\AppData\Local\atom\bin;C:\Users\17286\AppData\Roaming\Composer\vendor\bin;;C:\Users\17286\AppData\Local\Programs\Fiddler;D:\VisualStudioCode\Microsoft VS Code\bin;C:\Users\17286\AppData\Local\Microsoft\WindowsApps;C:\Users\17286\AppData\Roaming\npm;D:\nmap;.]
2019-03-03 17:29:12.946  INFO 12804 --- [main] o.a.c.c.C.[Tomcat].[localhost].[/]       : Initializing Spring embedded WebApplicationContext
2019-03-03 17:29:14.377  INFO 12804 --- [main] com.dtb.DtbApplication                   : Started DtbApplication in 6.497 seconds (JVM running for 7.42)
2019-03-03 17:29:14.428  INFO 12804 --- [http-nio-8080-exec-1] o.a.c.c.C.[Tomcat].[localhost].[/]       : Initializing Spring DispatcherServlet 'dispatcherServlet'
2019-03-03 17:46:46.897  INFO 18360 --- [main] com.dtb.QAServiceTest                    : Starting QAServiceTest on 祝飞鸿 with PID 18360 (started by 飞鸿 in D:\IntelliJ+IDEA+2017\SpringBootProjects\dtb)
2019-03-03 17:46:46.899  INFO 18360 --- [main] com.dtb.QAServiceTest                    : No active profile set, falling back to default profiles: default
2019-03-03 17:46:51.345  INFO 18360 --- [main] com.dtb.QAServiceTest                    : Started QAServiceTest in 4.904 seconds (JVM running for 6.175)
2019-03-03 17:46:51.754  INFO 18360 --- [main] com.zaxxer.hikari.HikariDataSource       : HikariPool-1 - Starting...
2019-03-03 17:46:51.964  INFO 18360 --- [main] com.zaxxer.hikari.HikariDataSource       : HikariPool-1 - Start completed.
2019-03-03 17:46:52.055  INFO 18360 --- [Thread-2] com.zaxxer.hikari.HikariDataSource       : HikariPool-1 - Shutdown initiated...
2019-03-03 17:46:52.058  INFO 18360 --- [Thread-2] com.zaxxer.hikari.HikariDataSource       : HikariPool-1 - Shutdown completed.
2019-03-03 17:50:33.323  INFO 25260 --- [main] com.dtb.QAServiceTest                    : Starting QAServiceTest on 祝飞鸿 with PID 25260 (started by 飞鸿 in D:\IntelliJ+IDEA+2017\SpringBootProjects\dtb)
2019-03-03 17:50:33.325  INFO 25260 --- [main] com.dtb.QAServiceTest                    : No active profile set, falling back to default profiles: default
2019-03-03 17:50:39.499  INFO 25260 --- [main] com.dtb.QAServiceTest                    : Started QAServiceTest in 6.792 seconds (JVM running for 8.519)
2019-03-03 17:50:39.916  INFO 25260 --- [main] com.zaxxer.hikari.HikariDataSource       : HikariPool-1 - Starting...
2019-03-03 17:50:40.181  INFO 25260 --- [main] com.zaxxer.hikari.HikariDataSource       : HikariPool-1 - Start completed.
2019-03-03 17:50:40.308  INFO 25260 --- [Thread-2] com.zaxxer.hikari.HikariDataSource       : HikariPool-1 - Shutdown initiated...
2019-03-03 17:50:40.316  INFO 25260 --- [Thread-2] com.zaxxer.hikari.HikariDataSource       : HikariPool-1 - Shutdown completed.
2019-03-03 17:53:14.834  INFO 5808 --- [main] com.dtb.QAServiceTest                    : Starting QAServiceTest on 祝飞鸿 with PID 5808 (started by 飞鸿 in D:\IntelliJ+IDEA+2017\SpringBootProjects\dtb)
2019-03-03 17:53:14.838  INFO 5808 --- [main] com.dtb.QAServiceTest                    : No active profile set, falling back to default profiles: default
2019-03-03 17:53:20.443  INFO 5808 --- [main] com.dtb.QAServiceTest                    : Started QAServiceTest in 6.181 seconds (JVM running for 7.892)
2019-03-03 17:53:20.859  INFO 5808 --- [main] com.zaxxer.hikari.HikariDataSource       : HikariPool-1 - Starting...
2019-03-03 17:53:21.170  INFO 5808 --- [main] com.zaxxer.hikari.HikariDataSource       : HikariPool-1 - Start completed.
2019-03-03 17:53:21.293  INFO 5808 --- [Thread-2] com.zaxxer.hikari.HikariDataSource       : HikariPool-1 - Shutdown initiated...
2019-03-03 17:53:21.306  INFO 5808 --- [Thread-2] com.zaxxer.hikari.HikariDataSource       : HikariPool-1 - Shutdown completed.
2019-03-03 18:02:14.275  INFO 27624 --- [main] com.dtb.QAServiceTest                    : Starting QAServiceTest on 祝飞鸿 with PID 27624 (started by 飞鸿 in D:\IntelliJ+IDEA+2017\SpringBootProjects\dtb)
2019-03-03 18:02:14.278  INFO 27624 --- [main] com.dtb.QAServiceTest                    : No active profile set, falling back to default profiles: default
2019-03-03 18:02:20.664  INFO 27624 --- [main] com.dtb.QAServiceTest                    : Started QAServiceTest in 7.108 seconds (JVM running for 9.414)
2019-03-03 18:02:21.107  INFO 27624 --- [main] com.zaxxer.hikari.HikariDataSource       : HikariPool-1 - Starting...
2019-03-03 18:02:21.410  INFO 27624 --- [main] com.zaxxer.hikari.HikariDataSource       : HikariPool-1 - Start completed.
2019-03-03 18:02:21.592  INFO 27624 --- [Thread-2] com.zaxxer.hikari.HikariDataSource       : HikariPool-1 - Shutdown initiated...
2019-03-03 18:02:21.617  INFO 27624 --- [Thread-2] com.zaxxer.hikari.HikariDataSource       : HikariPool-1 - Shutdown completed.
2019-03-03 18:03:23.344  INFO 19644 --- [main] com.dtb.QAServiceTest                    : Starting QAServiceTest on 祝飞鸿 with PID 19644 (started by 飞鸿 in D:\IntelliJ+IDEA+2017\SpringBootProjects\dtb)
2019-03-03 18:03:23.348  INFO 19644 --- [main] com.dtb.QAServiceTest                    : No active profile set, falling back to default profiles: default
2019-03-03 18:03:29.358  INFO 19644 --- [main] com.dtb.QAServiceTest                    : Started QAServiceTest in 6.68 seconds (JVM running for 8.358)
2019-03-03 18:03:29.810  INFO 19644 --- [main] com.zaxxer.hikari.HikariDataSource       : HikariPool-1 - Starting...
2019-03-03 18:03:30.102  INFO 19644 --- [main] com.zaxxer.hikari.HikariDataSource       : HikariPool-1 - Start completed.
2019-03-03 18:03:30.236  INFO 19644 --- [Thread-2] com.zaxxer.hikari.HikariDataSource       : HikariPool-1 - Shutdown initiated...
2019-03-03 18:03:30.249  INFO 19644 --- [Thread-2] com.zaxxer.hikari.HikariDataSource       : HikariPool-1 - Shutdown completed.
2019-03-03 18:04:29.090  INFO 6960 --- [main] com.dtb.QAServiceTest                    : Starting QAServiceTest on 祝飞鸿 with PID 6960 (started by 飞鸿 in D:\IntelliJ+IDEA+2017\SpringBootProjects\dtb)
2019-03-03 18:04:29.093  INFO 6960 --- [main] com.dtb.QAServiceTest                    : No active profile set, falling back to default profiles: default
2019-03-03 18:04:35.406  INFO 6960 --- [main] com.dtb.QAServiceTest                    : Started QAServiceTest in 6.954 seconds (JVM running for 8.661)
2019-03-03 18:04:35.819  INFO 6960 --- [main] com.zaxxer.hikari.HikariDataSource       : HikariPool-1 - Starting...
2019-03-03 18:04:36.122  INFO 6960 --- [main] com.zaxxer.hikari.HikariDataSource       : HikariPool-1 - Start completed.
2019-03-03 18:04:36.250  INFO 6960 --- [Thread-2] com.zaxxer.hikari.HikariDataSource       : HikariPool-1 - Shutdown initiated...
2019-03-03 18:04:36.260  INFO 6960 --- [Thread-2] com.zaxxer.hikari.HikariDataSource       : HikariPool-1 - Shutdown completed.
2019-03-03 18:05:29.244  INFO 24932 --- [main] com.dtb.QAServiceTest                    : Starting QAServiceTest on 祝飞鸿 with PID 24932 (started by 飞鸿 in D:\IntelliJ+IDEA+2017\SpringBootProjects\dtb)
2019-03-03 18:05:29.247  INFO 24932 --- [main] com.dtb.QAServiceTest                    : No active profile set, falling back to default profiles: default
2019-03-03 18:05:35.029  INFO 24932 --- [main] com.dtb.QAServiceTest                    : Started QAServiceTest in 6.376 seconds (JVM running for 8.08)
2019-03-03 18:05:35.513  INFO 24932 --- [main] com.zaxxer.hikari.HikariDataSource       : HikariPool-1 - Starting...
2019-03-03 18:05:35.848  INFO 24932 --- [main] com.zaxxer.hikari.HikariDataSource       : HikariPool-1 - Start completed.
2019-03-03 18:05:36.001  INFO 24932 --- [Thread-2] com.zaxxer.hikari.HikariDataSource       : HikariPool-1 - Shutdown initiated...
2019-03-03 18:05:36.019  INFO 24932 --- [Thread-2] com.zaxxer.hikari.HikariDataSource       : HikariPool-1 - Shutdown completed.
2019-03-03 18:06:33.951  INFO 15500 --- [main] com.dtb.QAServiceTest                    : Starting QAServiceTest on 祝飞鸿 with PID 15500 (started by 飞鸿 in D:\IntelliJ+IDEA+2017\SpringBootProjects\dtb)
2019-03-03 18:06:33.954  INFO 15500 --- [main] com.dtb.QAServiceTest                    : No active profile set, falling back to default profiles: default
2019-03-03 18:06:39.594  INFO 15500 --- [main] com.dtb.QAServiceTest                    : Started QAServiceTest in 6.213 seconds (JVM running for 7.901)
2019-03-03 18:06:40.027  INFO 15500 --- [main] com.zaxxer.hikari.HikariDataSource       : HikariPool-1 - Starting...
2019-03-03 18:06:40.324  INFO 15500 --- [main] com.zaxxer.hikari.HikariDataSource       : HikariPool-1 - Start completed.
2019-03-03 18:06:40.442  INFO 15500 --- [Thread-2] com.zaxxer.hikari.HikariDataSource       : HikariPool-1 - Shutdown initiated...
2019-03-03 18:06:40.455  INFO 15500 --- [Thread-2] com.zaxxer.hikari.HikariDataSource       : HikariPool-1 - Shutdown completed.
2019-03-03 18:47:06.240  INFO 16812 --- [main] com.dtb.QAServiceTest                    : Starting QAServiceTest on 祝飞鸿 with PID 16812 (started by 飞鸿 in D:\IntelliJ+IDEA+2017\SpringBootProjects\dtb)
2019-03-03 18:47:06.243  INFO 16812 --- [main] com.dtb.QAServiceTest                    : No active profile set, falling back to default profiles: default
2019-03-03 18:47:10.452  INFO 26592 --- [main] com.dtb.DtbApplication                   : Starting DtbApplication on 祝飞鸿 with PID 26592 (D:\IntelliJ+IDEA+2017\SpringBootProjects\dtb\target\classes started by 飞鸿 in D:\IntelliJ+IDEA+2017\SpringBootProjects\dtb)
2019-03-03 18:47:10.456  INFO 26592 --- [main] com.dtb.DtbApplication                   : No active profile set, falling back to default profiles: default
2019-03-03 18:47:11.494  INFO 16812 --- [main] com.dtb.QAServiceTest                    : Started QAServiceTest in 5.741 seconds (JVM running for 7.036)
2019-03-03 18:47:11.962  INFO 16812 --- [main] com.zaxxer.hikari.HikariDataSource       : HikariPool-1 - Starting...
2019-03-03 18:47:12.271  INFO 16812 --- [main] com.zaxxer.hikari.HikariDataSource       : HikariPool-1 - Start completed.
2019-03-03 18:47:12.402  INFO 16812 --- [Thread-2] com.zaxxer.hikari.HikariDataSource       : HikariPool-1 - Shutdown initiated...
2019-03-03 18:47:12.415  INFO 16812 --- [Thread-2] com.zaxxer.hikari.HikariDataSource       : HikariPool-1 - Shutdown completed.
2019-03-03 18:47:14.222  INFO 26592 --- [main] o.apache.catalina.core.StandardService   : Starting service [Tomcat]
2019-03-03 18:47:14.223  INFO 26592 --- [main] org.apache.catalina.core.StandardEngine  : Starting Servlet engine: [Apache Tomcat/9.0.16]
2019-03-03 18:47:14.232  INFO 26592 --- [main] o.a.catalina.core.AprLifecycleListener   : The APR based Apache Tomcat Native library which allows optimal performance in production environments was not found on the java.library.path: [D:\JDK\bin;C:\WINDOWS\Sun\Java\bin;C:\WINDOWS\system32;C:\WINDOWS;C:\Program Files (x86)\Java\jdk1.8.0_172\bin;C:\Program Files (x86)\Java\jdk1.8.0_172\jre\bin;C:\ProgramData\Oracle\Java\javapath;C:\WINDOWS\system32;C:\WINDOWS;C:\WINDOWS\System32\Wbem;C:\WINDOWS\System32\WindowsPowerShell\v1.0\;C:\Program Files (x86)\MySQL\MySQL Server 5.1\bin\;D:\WAMPServer\wamp64\bin\php\php5.6.31\php.exe;D:\Maven\apache-maven-3.6.0\bin;D:\WAMPServer\wamp64\bin\php\php7.1.9;C:\ProgramData\ComposerSetup\bin;C:\Program Files\PuTTY\;C:\Program Files (x86)\QuickTime\QTSystem\;C:\Program Files\dotnet\;C:\Program Files\Microsoft SQL Server\130\Tools\Binn\;C:\WINDOWS\System32\OpenSSH\;D:\Git\Git\cmd;C:\Program Files\TortoiseSVN\bin;D:\Node\;D:\MySql\mysql-8.0.12-winx64\bin;C:\Users\17286\AppData\Local\Microsoft\WindowsApps;C:\Users\17286\AppData\Local\atom\bin;C:\Users\17286\AppData\Roaming\Composer\vendor\bin;;C:\Users\17286\AppData\Local\Programs\Fiddler;D:\VisualStudioCode\Microsoft VS Code\bin;C:\Users\17286\AppData\Local\Microsoft\WindowsApps;C:\Users\17286\AppData\Roaming\npm;D:\nmap;.]
2019-03-03 18:47:14.372  INFO 26592 --- [main] o.a.c.c.C.[Tomcat].[localhost].[/]       : Initializing Spring embedded WebApplicationContext
2019-03-03 18:47:15.344  INFO 26592 --- [main] com.dtb.DtbApplication                   : Started DtbApplication in 5.567 seconds (JVM running for 6.41)
2019-03-03 18:49:34.457  INFO 20632 --- [main] com.dtb.DtbApplication                   : Starting DtbApplication on 祝飞鸿 with PID 20632 (D:\IntelliJ+IDEA+2017\SpringBootProjects\dtb\target\classes started by 飞鸿 in D:\IntelliJ+IDEA+2017\SpringBootProjects\dtb)
2019-03-03 18:49:34.460  INFO 20632 --- [main] com.dtb.DtbApplication                   : No active profile set, falling back to default profiles: default
2019-03-03 18:49:37.299  INFO 20632 --- [main] o.apache.catalina.core.StandardService   : Starting service [Tomcat]
2019-03-03 18:49:37.300  INFO 20632 --- [main] org.apache.catalina.core.StandardEngine  : Starting Servlet engine: [Apache Tomcat/9.0.16]
2019-03-03 18:49:37.305  INFO 20632 --- [main] o.a.catalina.core.AprLifecycleListener   : The APR based Apache Tomcat Native library which allows optimal performance in production environments was not found on the java.library.path: [D:\JDK\bin;C:\WINDOWS\Sun\Java\bin;C:\WINDOWS\system32;C:\WINDOWS;C:\Program Files (x86)\Java\jdk1.8.0_172\bin;C:\Program Files (x86)\Java\jdk1.8.0_172\jre\bin;C:\ProgramData\Oracle\Java\javapath;C:\WINDOWS\system32;C:\WINDOWS;C:\WINDOWS\System32\Wbem;C:\WINDOWS\System32\WindowsPowerShell\v1.0\;C:\Program Files (x86)\MySQL\MySQL Server 5.1\bin\;D:\WAMPServer\wamp64\bin\php\php5.6.31\php.exe;D:\Maven\apache-maven-3.6.0\bin;D:\WAMPServer\wamp64\bin\php\php7.1.9;C:\ProgramData\ComposerSetup\bin;C:\Program Files\PuTTY\;C:\Program Files (x86)\QuickTime\QTSystem\;C:\Program Files\dotnet\;C:\Program Files\Microsoft SQL Server\130\Tools\Binn\;C:\WINDOWS\System32\OpenSSH\;D:\Git\Git\cmd;C:\Program Files\TortoiseSVN\bin;D:\Node\;D:\MySql\mysql-8.0.12-winx64\bin;C:\Users\17286\AppData\Local\Microsoft\WindowsApps;C:\Users\17286\AppData\Local\atom\bin;C:\Users\17286\AppData\Roaming\Composer\vendor\bin;;C:\Users\17286\AppData\Local\Programs\Fiddler;D:\VisualStudioCode\Microsoft VS Code\bin;C:\Users\17286\AppData\Local\Microsoft\WindowsApps;C:\Users\17286\AppData\Roaming\npm;D:\nmap;.]
2019-03-03 18:49:37.440  INFO 20632 --- [main] o.a.c.c.C.[Tomcat].[localhost].[/]       : Initializing Spring embedded WebApplicationContext
2019-03-03 18:49:38.363  INFO 20632 --- [main] com.dtb.DtbApplication                   : Started DtbApplication in 4.34 seconds (JVM running for 4.921)
2019-03-03 18:50:40.715  INFO 20632 --- [http-nio-8080-exec-1] o.a.c.c.C.[Tomcat].[localhost].[/]       : Initializing Spring DispatcherServlet 'dispatcherServlet'
2019-03-03 18:52:06.795  INFO 3360 --- [main] com.dtb.DtbApplication                   : Starting DtbApplication on 祝飞鸿 with PID 3360 (D:\IntelliJ+IDEA+2017\SpringBootProjects\dtb\target\classes started by 飞鸿 in D:\IntelliJ+IDEA+2017\SpringBootProjects\dtb)
2019-03-03 18:52:06.814  INFO 3360 --- [main] com.dtb.DtbApplication                   : No active profile set, falling back to default profiles: default
2019-03-03 18:52:15.810  INFO 3360 --- [main] o.apache.catalina.core.StandardService   : Starting service [Tomcat]
2019-03-03 18:52:15.812  INFO 3360 --- [main] org.apache.catalina.core.StandardEngine  : Starting Servlet engine: [Apache Tomcat/9.0.16]
2019-03-03 18:52:15.838  INFO 3360 --- [main] o.a.catalina.core.AprLifecycleListener   : The APR based Apache Tomcat Native library which allows optimal performance in production environments was not found on the java.library.path: [D:\JDK\bin;C:\WINDOWS\Sun\Java\bin;C:\WINDOWS\system32;C:\WINDOWS;C:\Program Files (x86)\Java\jdk1.8.0_172\bin;C:\Program Files (x86)\Java\jdk1.8.0_172\jre\bin;C:\ProgramData\Oracle\Java\javapath;C:\WINDOWS\system32;C:\WINDOWS;C:\WINDOWS\System32\Wbem;C:\WINDOWS\System32\WindowsPowerShell\v1.0\;C:\Program Files (x86)\MySQL\MySQL Server 5.1\bin\;D:\WAMPServer\wamp64\bin\php\php5.6.31\php.exe;D:\Maven\apache-maven-3.6.0\bin;D:\WAMPServer\wamp64\bin\php\php7.1.9;C:\ProgramData\ComposerSetup\bin;C:\Program Files\PuTTY\;C:\Program Files (x86)\QuickTime\QTSystem\;C:\Program Files\dotnet\;C:\Program Files\Microsoft SQL Server\130\Tools\Binn\;C:\WINDOWS\System32\OpenSSH\;D:\Git\Git\cmd;C:\Program Files\TortoiseSVN\bin;D:\Node\;D:\MySql\mysql-8.0.12-winx64\bin;C:\Users\17286\AppData\Local\Microsoft\WindowsApps;C:\Users\17286\AppData\Local\atom\bin;C:\Users\17286\AppData\Roaming\Composer\vendor\bin;;C:\Users\17286\AppData\Local\Programs\Fiddler;D:\VisualStudioCode\Microsoft VS Code\bin;C:\Users\17286\AppData\Local\Microsoft\WindowsApps;C:\Users\17286\AppData\Roaming\npm;D:\nmap;.]
2019-03-03 18:52:16.218  INFO 3360 --- [main] o.a.c.c.C.[Tomcat].[localhost].[/]       : Initializing Spring embedded WebApplicationContext
2019-03-03 18:52:19.363  INFO 3360 --- [main] com.dtb.DtbApplication                   : Started DtbApplication in 14.259 seconds (JVM running for 16.077)
2019-03-03 18:53:18.044  INFO 3360 --- [http-nio-8080-exec-1] o.a.c.c.C.[Tomcat].[localhost].[/]       : Initializing Spring DispatcherServlet 'dispatcherServlet'
2019-03-03 18:53:18.273  INFO 3360 --- [http-nio-8080-exec-1] com.zaxxer.hikari.HikariDataSource       : HikariPool-1 - Starting...
2019-03-03 18:53:18.600  INFO 3360 --- [http-nio-8080-exec-1] com.zaxxer.hikari.HikariDataSource       : HikariPool-1 - Start completed.
2019-03-03 20:00:52.641  INFO 21244 --- [main] com.dtb.QAServiceTest                    : Starting QAServiceTest on 祝飞鸿 with PID 21244 (started by 飞鸿 in D:\IntelliJ+IDEA+2017\SpringBootProjects\dtb)
2019-03-03 20:00:52.643  INFO 21244 --- [main] com.dtb.QAServiceTest                    : No active profile set, falling back to default profiles: default
2019-03-03 20:00:56.664  INFO 21244 --- [main] com.dtb.QAServiceTest                    : Started QAServiceTest in 4.469 seconds (JVM running for 5.738)
2019-03-03 20:00:56.988  INFO 21244 --- [main] com.zaxxer.hikari.HikariDataSource       : HikariPool-1 - Starting...
2019-03-03 20:00:57.203  INFO 21244 --- [main] com.zaxxer.hikari.HikariDataSource       : HikariPool-1 - Start completed.
2019-03-03 20:00:57.293  INFO 21244 --- [Thread-2] com.zaxxer.hikari.HikariDataSource       : HikariPool-1 - Shutdown initiated...
2019-03-03 20:00:57.297  INFO 21244 --- [Thread-2] com.zaxxer.hikari.HikariDataSource       : HikariPool-1 - Shutdown completed.
